#
# There is insufficient memory for the Java Runtime Environment to continue.
# Native memory allocation (malloc) failed to allocate 1329056 bytes for Chunk::new
# Possible reasons:
#   The system is out of physical RAM or swap space
#   In 32 bit mode, the process size limit was hit
# Possible solutions:
#   Reduce memory load on the system
#   Increase physical memory or swap space
#   Check if swap backing store is full
#   Use 64 bit Java on a 64 bit OS
#   Decrease Java heap size (-Xmx/-Xms)
#   Decrease number of Java threads
#   Decrease Java thread stack sizes (-Xss)
#   Set larger code cache with -XX:ReservedCodeCacheSize=
# This output file may be truncated or incomplete.
#
#  Out of Memory Error (allocation.cpp:390), pid=7044, tid=7120
#
# JRE version: Java(TM) SE Runtime Environment (8.0_45-b15) (build 1.8.0_45-b15)
# Java VM: Java HotSpot(TM) 64-Bit Server VM (25.45-b02 mixed mode windows-amd64 compressed oops)
# Failed to write core dump. Minidumps are not enabled by default on client versions of Windows
#

---------------  T H R E A D  ---------------

Current thread (0x00000000153ab000):  JavaThread "C2 CompilerThread0" daemon [_thread_in_native, id=7120, stack(0x00000000168a0000,0x00000000169a0000)]

Stack: [0x00000000168a0000,0x00000000169a0000]
Native frames: (J=compiled Java code, j=interpreted, Vv=VM code, C=native code)
V  [jvm.dll+0x32b57a]
V  [jvm.dll+0x279873]
V  [jvm.dll+0x27a509]
V  [jvm.dll+0x271825]
V  [jvm.dll+0xcb9e2]
V  [jvm.dll+0xcbeac]
V  [jvm.dll+0x476ef2]
V  [jvm.dll+0x4b955f]
V  [jvm.dll+0x46b6b5]
V  [jvm.dll+0x46ccbe]
V  [jvm.dll+0x4500f2]
V  [jvm.dll+0xa4352]
V  [jvm.dll+0xa4c8f]
V  [jvm.dll+0x241984]
V  [jvm.dll+0x29853a]
C  [msvcr100.dll+0x21d9f]
C  [msvcr100.dll+0x21e3b]
C  [KERNEL32.DLL+0x12774]
C  [ntdll.dll+0x70d51]


Current CompileTask:
C2:  14440 1346   !   4       com.android.dx.cf.code.BytecodeArray::parseInstruction (2764 bytes)


---------------  P R O C E S S  ---------------

Java Threads: ( => current thread )
  0x0000000016c28000 JavaThread "pool-2-thread-4" [_thread_blocked, id=5660, stack(0x00000000175a0000,0x00000000176a0000)]
  0x0000000016c0c000 JavaThread "pool-2-thread-3" [_thread_blocked, id=4064, stack(0x00000000174a0000,0x00000000175a0000)]
  0x0000000016b77000 JavaThread "pool-2-thread-2" [_thread_blocked, id=3992, stack(0x00000000173a0000,0x00000000174a0000)]
  0x0000000016b14800 JavaThread "pool-3-thread-1" [_thread_blocked, id=9540, stack(0x00000000172a0000,0x00000000173a0000)]
  0x0000000016b73000 JavaThread "pool-2-thread-1" [_thread_in_Java, id=1604, stack(0x00000000171a0000,0x00000000172a0000)]
  0x0000000016a02000 JavaThread "Service Thread" daemon [_thread_blocked, id=1848, stack(0x0000000016fa0000,0x00000000170a0000)]
  0x00000000169f8800 JavaThread "C1 CompilerThread2" daemon [_thread_blocked, id=4348, stack(0x0000000016ea0000,0x0000000016fa0000)]
  0x00000000153ae800 JavaThread "C2 CompilerThread1" daemon [_thread_in_native, id=4512, stack(0x0000000016da0000,0x0000000016ea0000)]
=>0x00000000153ab000 JavaThread "C2 CompilerThread0" daemon [_thread_in_native, id=7120, stack(0x00000000168a0000,0x00000000169a0000)]
  0x00000000153a9800 JavaThread "Attach Listener" daemon [_thread_blocked, id=6912, stack(0x00000000167a0000,0x00000000168a0000)]
  0x000000001535c800 JavaThread "Signal Dispatcher" daemon [_thread_blocked, id=940, stack(0x00000000166a0000,0x00000000167a0000)]
  0x0000000002c70800 JavaThread "Finalizer" daemon [_thread_blocked, id=216, stack(0x00000000165a0000,0x00000000166a0000)]
  0x0000000002c6d000 JavaThread "Reference Handler" daemon [_thread_blocked, id=6148, stack(0x00000000164a0000,0x00000000165a0000)]
  0x0000000002a7d800 JavaThread "main" [_thread_in_native, id=9108, stack(0x0000000002a80000,0x0000000002b80000)]

Other Threads:
  0x0000000015318000 VMThread [stack: 0x00000000163a0000,0x00000000164a0000] [id=10056]
  0x0000000016a03800 WatcherThread [stack: 0x00000000170a0000,0x00000000171a0000] [id=5288]

VM state:not at safepoint (normal execution)

VM Mutex/Monitor currently owned by a thread: None

Heap:
 PSYoungGen      total 35328K, used 23608K [0x00000000eab00000, 0x00000000ed000000, 0x0000000100000000)
  eden space 32768K, 64% used [0x00000000eab00000,0x00000000ebf92c00,0x00000000ecb00000)
  from space 2560K, 99% used [0x00000000ecd80000,0x00000000ecffb780,0x00000000ed000000)
  to   space 2560K, 0% used [0x00000000ecb00000,0x00000000ecb00000,0x00000000ecd80000)
 ParOldGen       total 44032K, used 7468K [0x00000000c0000000, 0x00000000c2b00000, 0x00000000eab00000)
  object space 44032K, 16% used [0x00000000c0000000,0x00000000c074b050,0x00000000c2b00000)
 Metaspace       used 5918K, capacity 6896K, committed 7040K, reserved 1056768K
  class space    used 593K, capacity 616K, committed 640K, reserved 1048576K

Card table byte_map: [0x0000000012040000,0x0000000012250000] byte_map_base: 0x0000000011a40000

Marking Bits: (ParMarkBitMap*) 0x0000000056e44040
 Begin Bits: [0x00000000127b0000, 0x00000000137b0000)
 End Bits:   [0x00000000137b0000, 0x00000000147b0000)

Polling page: 0x0000000000b10000

CodeCache: size=245760Kb used=5693Kb max_used=5706Kb free=240066Kb
 bounds [0x0000000002c80000, 0x0000000003220000, 0x0000000011c80000]
 total_blobs=1625 nmethods=1355 adapters=184
 compilation: enabled

Compilation events (10 events):
Event: 14.341 Thread 0x00000000169f8800 1358       3       com.android.dx.rop.cst.CstBaseMethodRef::isInstanceInit (8 bytes)
Event: 14.342 Thread 0x00000000169f8800 nmethod 1358 0x0000000003205590 code [0x0000000003205700, 0x0000000003205b28]
Event: 14.342 Thread 0x00000000169f8800 1359       3       com.android.dx.cf.code.Merger::mergeType (142 bytes)
Event: 14.344 Thread 0x00000000169f8800 nmethod 1359 0x000000000320fe10 code [0x00000000032100c0, 0x0000000003211548]
Event: 14.344 Thread 0x00000000169f8800 1362       3       com.android.dx.ssa.PhiTypeResolver::equalsHandlesNulls (23 bytes)
Event: 14.345 Thread 0x00000000169f8800 nmethod 1362 0x0000000003208610 code [0x00000000032087a0, 0x0000000003208be8]
Event: 14.350 Thread 0x00000000169f8800 1363       3       com.android.dx.ssa.PhiInsn::predBlocksForReg (73 bytes)
Event: 14.353 Thread 0x00000000169f8800 nmethod 1363 0x0000000003211c50 code [0x0000000003211ec0, 0x0000000003212f18]
Event: 14.367 Thread 0x00000000153ae800 nmethod 1353 0x0000000003217150 code [0x0000000003217360, 0x0000000003217d80]
Event: 14.367 Thread 0x00000000153ae800 1365 %     4       com.android.dx.ssa.PhiInsn::predBlocksForReg @ 17 (73 bytes)

GC Heap History (4 events):
Event: 5.265 GC heap before
{Heap before GC invocations=1 (full 0):
 PSYoungGen      total 18944K, used 16384K [0x00000000eab00000, 0x00000000ec000000, 0x0000000100000000)
  eden space 16384K, 100% used [0x00000000eab00000,0x00000000ebb00000,0x00000000ebb00000)
  from space 2560K, 0% used [0x00000000ebd80000,0x00000000ebd80000,0x00000000ec000000)
  to   space 2560K, 0% used [0x00000000ebb00000,0x00000000ebb00000,0x00000000ebd80000)
 ParOldGen       total 44032K, used 0K [0x00000000c0000000, 0x00000000c2b00000, 0x00000000eab00000)
  object space 44032K, 0% used [0x00000000c0000000,0x00000000c0000000,0x00000000c2b00000)
 Metaspace       used 5761K, capacity 6768K, committed 7040K, reserved 1056768K
  class space    used 583K, capacity 616K, committed 640K, reserved 1048576K
Event: 5.464 GC heap after
Heap after GC invocations=1 (full 0):
 PSYoungGen      total 18944K, used 2559K [0x00000000eab00000, 0x00000000ed000000, 0x0000000100000000)
  eden space 16384K, 0% used [0x00000000eab00000,0x00000000eab00000,0x00000000ebb00000)
  from space 2560K, 99% used [0x00000000ebb00000,0x00000000ebd7ffa8,0x00000000ebd80000)
  to   space 2560K, 0% used [0x00000000ecd80000,0x00000000ecd80000,0x00000000ed000000)
 ParOldGen       total 44032K, used 1923K [0x00000000c0000000, 0x00000000c2b00000, 0x00000000eab00000)
  object space 44032K, 4% used [0x00000000c0000000,0x00000000c01e0e68,0x00000000c2b00000)
 Metaspace       used 5761K, capacity 6768K, committed 7040K, reserved 1056768K
  class space    used 583K, capacity 616K, committed 640K, reserved 1048576K
}
Event: 11.219 GC heap before
{Heap before GC invocations=2 (full 0):
 PSYoungGen      total 18944K, used 18943K [0x00000000eab00000, 0x00000000ed000000, 0x0000000100000000)
  eden space 16384K, 100% used [0x00000000eab00000,0x00000000ebb00000,0x00000000ebb00000)
  from space 2560K, 99% used [0x00000000ebb00000,0x00000000ebd7ffa8,0x00000000ebd80000)
  to   space 2560K, 0% used [0x00000000ecd80000,0x00000000ecd80000,0x00000000ed000000)
 ParOldGen       total 44032K, used 1923K [0x00000000c0000000, 0x00000000c2b00000, 0x00000000eab00000)
  object space 44032K, 4% used [0x00000000c0000000,0x00000000c01e0e68,0x00000000c2b00000)
 Metaspace       used 5898K, capacity 6896K, committed 7040K, reserved 1056768K
  class space    used 591K, capacity 616K, committed 640K, reserved 1048576K
Event: 11.362 GC heap after
Heap after GC invocations=2 (full 0):
 PSYoungGen      total 35328K, used 2541K [0x00000000eab00000, 0x00000000ed000000, 0x0000000100000000)
  eden space 32768K, 0% used [0x00000000eab00000,0x00000000eab00000,0x00000000ecb00000)
  from space 2560K, 99% used [0x00000000ecd80000,0x00000000ecffb780,0x00000000ed000000)
  to   space 2560K, 0% used [0x00000000ecb00000,0x00000000ecb00000,0x00000000ecd80000)
 ParOldGen       total 44032K, used 7468K [0x00000000c0000000, 0x00000000c2b00000, 0x00000000eab00000)
  object space 44032K, 16% used [0x00000000c0000000,0x00000000c074b050,0x00000000c2b00000)
 Metaspace       used 5898K, capacity 6896K, committed 7040K, reserved 1056768K
  class space    used 591K, capacity 616K, committed 640K, reserved 1048576K
}

Deoptimization events (10 events):
Event: 6.920 Thread 0x0000000016b73000 Uncommon trap: reason=unstable_if action=reinterpret pc=0x00000000030def8c method=com.android.dx.rop.code.RegisterSpec.equals(ILcom/android/dx/rop/type/TypeBearer;Lcom/android/dx/rop/code/LocalItem;)Z @ 16
Event: 7.825 Thread 0x0000000016c0c000 Uncommon trap: reason=unstable_if action=reinterpret pc=0x00000000030b689c method=com.android.dx.cf.code.BasicBlocker.addWorkIfNecessary(IZ)V @ 8
Event: 7.828 Thread 0x0000000016c0c000 Uncommon trap: reason=unstable_if action=reinterpret pc=0x0000000003078120 method=com.android.dx.util.IntList.binarysearch(I)I @ 26
Event: 7.829 Thread 0x0000000016c0c000 Uncommon trap: reason=unstable_if action=reinterpret pc=0x000000000308c674 method=com.android.dx.cf.code.Ropper.labelToResultIndex(I)I @ 34
Event: 7.835 Thread 0x0000000016c0c000 Uncommon trap: reason=unstable_if action=reinterpret pc=0x00000000030f0198 method=com.android.dx.util.LabeledList.set(ILcom/android/dx/util/LabeledItem;)V @ 16
Event: 9.515 Thread 0x0000000016b77000 Uncommon trap: reason=null_check action=make_not_entrant pc=0x00000000031509cc method=com.android.dx.ssa.SsaRenamer.getLocalForNewReg(I)Lcom/android/dx/rop/code/LocalItem; @ 19
Event: 9.521 Thread 0x0000000016b77000 Uncommon trap: reason=null_check action=make_not_entrant pc=0x00000000030ea920 method=com.android.dx.rop.type.Type.equals(Ljava/lang/Object;)Z @ 8
Event: 9.527 Thread 0x0000000016b77000 Uncommon trap: reason=bimorphic action=maybe_recompile pc=0x000000000314ac7c method=com.android.dx.cf.code.BaseMachine.getLocalTarget(Z)Lcom/android/dx/rop/code/RegisterSpec; @ 70
Event: 9.528 Thread 0x0000000016b77000 Uncommon trap: reason=bimorphic action=maybe_recompile pc=0x000000000314ac7c method=com.android.dx.cf.code.BaseMachine.getLocalTarget(Z)Lcom/android/dx/rop/code/RegisterSpec; @ 70
Event: 14.335 Thread 0x0000000016c0c000 Uncommon trap: reason=predicate action=maybe_recompile pc=0x00000000031ece34 method=com.android.dx.ssa.PhiInsn.mapSourceRegisters(Lcom/android/dx/ssa/RegisterMapper;)V @ 17

Internal exceptions (4 events):
Event: 0.149 Thread 0x0000000002a7d800 Exception <a 'java/lang/NoSuchMethodError': Method sun.misc.Unsafe.defineClass(Ljava/lang/String;[BII)Ljava/lang/Class; name or signature does not match> (0x00000000eab12ef0) thrown at [C:\re\workspace\8-2-build-windows-amd64-cygwin\jdk8u45\3627\hotspot\sr~ÉU%wÃ?
Event: 0.149 Thread 0x0000000002a7d800 Exception <a 'java/lang/NoSuchMethodError': Method sun.misc.Unsafe.prefetchRead(Ljava/lang/Object;J)V name or signature does not match> (0x00000000eab13180) thrown at [C:\re\workspace\8-2-build-windows-amd64-cygwin\jdk8u45\3627\hotspot\src\share\vm\prims\jm
Òö±#@
Event: 9.515 Thread 0x0000000016b77000 Implicit null exception at 0x000000000314e4af to 0x00000000031509ad
Event: 9.521 Thread 0x0000000016b77000 Implicit null exception at 0x00000000030ea822 to 0x00000000030ea912

Events (10 events):
Event: 13.897 Thread 0x0000000016b73000 DEOPT UNPACKING pc=0x0000000002cc747f sp=0x000000001729e7e8 mode 0
Event: 13.899 Thread 0x0000000016b73000 DEOPT PACKING pc=0x00000000031e3fe1 sp=0x000000001729ea40
Event: 13.899 Thread 0x0000000016b73000 DEOPT UNPACKING pc=0x0000000002cc747f sp=0x000000001729e7e8 mode 0
Event: 13.922 Thread 0x0000000016b73000 DEOPT PACKING pc=0x0000000003017f0c sp=0x000000001729e9a0
Event: 13.922 Thread 0x0000000016b73000 DEOPT UNPACKING pc=0x0000000002cc747f sp=0x000000001729e768 mode 0
Event: 14.308 loading class com/android/dx/rop/code/RegisterSpec$1
Event: 14.308 loading class com/android/dx/rop/code/RegisterSpec$1 done
Event: 14.335 Thread 0x0000000016c0c000 Uncommon trap: trap_request=0xffffff86 fr.pc=0x00000000031ece34
Event: 14.335 Thread 0x0000000016c0c000 DEOPT PACKING pc=0x00000000031ece34 sp=0x000000001759ea00
Event: 14.335 Thread 0x0000000016c0c000 DEOPT UNPACKING pc=0x0000000002cc582a sp=0x000000001759e9c8 mode 2


Dynamic libraries:
0x00007ff6ebcc0000 - 0x00007ff6ebcf7000 	C:\Program Files\Java\jdk1.8.0_45\bin\java.exe
0x00007ffafd8b0000 - 0x00007ffafda8b000 	C:\WINDOWS\SYSTEM32\ntdll.dll
0x00007ffafd800000 - 0x00007ffafd8ae000 	C:\WINDOWS\System32\KERNEL32.DLL
0x00007ffafa230000 - 0x00007ffafa479000 	C:\WINDOWS\System32\KERNELBASE.dll
0x00007ffafd210000 - 0x00007ffafd2b1000 	C:\WINDOWS\System32\ADVAPI32.dll
0x00007ffafae20000 - 0x00007ffafaebd000 	C:\WINDOWS\System32\msvcrt.dll
0x00007ffafc970000 - 0x00007ffafc9c9000 	C:\WINDOWS\System32\sechost.dll
0x00007ffafb310000 - 0x00007ffafb435000 	C:\WINDOWS\System32\RPCRT4.dll
0x00007ffafce60000 - 0x00007ffafcfaa000 	C:\WINDOWS\System32\USER32.dll
0x00007ffaf9dd0000 - 0x00007ffaf9dee000 	C:\WINDOWS\System32\win32u.dll
0x00007ffafd2c0000 - 0x00007ffafd2e7000 	C:\WINDOWS\System32\GDI32.dll
0x00007ffafac80000 - 0x00007ffafae08000 	C:\WINDOWS\System32\gdi32full.dll
0x00007ffafa190000 - 0x00007ffafa22a000 	C:\WINDOWS\System32\msvcp_win.dll
0x00007ffafab80000 - 0x00007ffafac76000 	C:\WINDOWS\System32\ucrtbase.dll
0x00007ffaef850000 - 0x00007ffaefab7000 	C:\WINDOWS\WinSxS\amd64_microsoft.windows.common-controls_6595b64144ccf1df_6.0.15063.483_none_26002d27e7c744a2\COMCTL32.dll
0x00007ffafd390000 - 0x00007ffafd689000 	C:\WINDOWS\System32\combase.dll
0x00007ffaf9e50000 - 0x00007ffaf9eba000 	C:\WINDOWS\System32\bcryptPrimitives.dll
0x00007ffafd1e0000 - 0x00007ffafd20d000 	C:\WINDOWS\System32\IMM32.DLL
0x0000000056ed0000 - 0x0000000056fa2000 	C:\Program Files\Java\jdk1.8.0_45\jre\bin\msvcr100.dll
0x0000000056640000 - 0x0000000056ec3000 	C:\Program Files\Java\jdk1.8.0_45\jre\bin\server\jvm.dll
0x00007ffafae10000 - 0x00007ffafae18000 	C:\WINDOWS\System32\PSAPI.DLL
0x00007ffaefeb0000 - 0x00007ffaefeb9000 	C:\WINDOWS\SYSTEM32\WSOCK32.dll
0x00007ffafc9d0000 - 0x00007ffafca3c000 	C:\WINDOWS\System32\WS2_32.dll
0x00007ffaf7f20000 - 0x00007ffaf7f43000 	C:\WINDOWS\SYSTEM32\WINMM.dll
0x00007ffaee6a0000 - 0x00007ffaee6aa000 	C:\WINDOWS\SYSTEM32\VERSION.dll
0x00007ffaf7ef0000 - 0x00007ffaf7f1b000 	C:\WINDOWS\SYSTEM32\WINMMBASE.dll
0x00007ffaf9f70000 - 0x00007ffaf9fb9000 	C:\WINDOWS\System32\cfgmgr32.dll
0x0000000056630000 - 0x000000005663f000 	C:\Program Files\Java\jdk1.8.0_45\jre\bin\verify.dll
0x0000000056600000 - 0x0000000056629000 	C:\Program Files\Java\jdk1.8.0_45\jre\bin\java.dll
0x00000000565e0000 - 0x00000000565f6000 	C:\Program Files\Java\jdk1.8.0_45\jre\bin\zip.dll
0x00007ffafb4b0000 - 0x00007ffafc8e6000 	C:\WINDOWS\System32\SHELL32.dll
0x00007ffafd130000 - 0x00007ffafd1da000 	C:\WINDOWS\System32\shcore.dll
0x00007ffafa480000 - 0x00007ffafab73000 	C:\WINDOWS\System32\windows.storage.dll
0x00007ffafcfb0000 - 0x00007ffafd001000 	C:\WINDOWS\System32\shlwapi.dll
0x00007ffaf9db0000 - 0x00007ffaf9dc1000 	C:\WINDOWS\System32\kernel.appcore.dll
0x00007ffaf9d20000 - 0x00007ffaf9d6c000 	C:\WINDOWS\System32\powrprof.dll
0x00007ffaf9d90000 - 0x00007ffaf9da5000 	C:\WINDOWS\System32\profapi.dll
0x00007ffae80b0000 - 0x00007ffae8259000 	C:\WINDOWS\SYSTEM32\dbghelp.dll

VM Arguments:
jvm_args: -Djava.awt.headless=true -Xmx1024M -Dfile.encoding=GBK -Duser.country=CN -Duser.language=zh -Duser.variant 
java_command: com.android.dx.command.Main --dex --force-jumbo --num-threads=4 --multi-dex --output D:\Android\coreProjcet\Kake\app\build\intermediates\transforms\dex\debug\folders\1000\5\slice_1 D:\Android\coreProjcet\Kake\app\build\intermediates\transforms\instantRunSlicer\debug\folders\1\5\slice_1
java_class_path (initial): D:\Android\SDK\build-tools\25.0.2\lib\dx.jar
Launcher Type: SUN_STANDARD

Environment Variables:
JAVA_HOME=C:\Program Files\Java\jdk1.8.0_45
PATH=C:\WINDOWS\system32;C:\WINDOWS;C:\WINDOWS\System32\Wbem;C:\WINDOWS\System32\WindowsPowerShell\v1.0\;C:\Program Files (x86)\AMD\ATI.ACE\Core-Static;C:\Program Files\Java\jdk1.8.0_45\bin;C:\Program Files\Git\cmd;C:\Program Files\Git\mingw64\bin;C:\Program Files\Git\usr\bin;C:\Program Files (x86)\ATI Technologies\ATI.ACE\Core-Static;D:\Program Files\gradle\gradle-3.5\bin;C:\ProgramData\chocolatey\bin;C:\tools\python2;C:\Program Files\nodejs\;D:\wamp\bin\php\php5.5.12;D:\wamp\bin\mysql\mysql5.6.17\bin;D:\program\groovy-2.4.11\bin;D:\Program Files\KDiff3;D:\Program_Files\proguard5.3.3\bin;D:\Program Files\jd-gui-windows-1.4.0;C:\Users\Lshare\AppData\Local\Microsoft\WindowsApps;C:\Users\Lshare\AppData\Roaming\npm;D:\Program Files\adt-bundle-windows-x86_64-20130917\sdk\platform-tools;D:\Program Files (x86)\Egret\Egret Wing 3\bin;D:\Program_Files\dex2jar-2.0;
USERNAME=Lshare
OS=Windows_NT
PROCESSOR_IDENTIFIER=Intel64 Family 6 Model 55 Stepping 8, GenuineIntel



---------------  S Y S T E M  ---------------

OS: Windows 10.0 , 64 bit Build 15063 (10.0.15063.296)

CPU:total 4 (4 cores per cpu, 1 threads per core) family 6 model 55 stepping 8, cmov, cx8, fxsr, mmx, sse, sse2, sse3, ssse3, sse4.1, sse4.2, popcnt, clmul, erms, 3dnowpref, tsc, tscinvbit

Memory: 4k page, physical 4074708k(337072k free), swap 7996180k(2880k free)

vm_info: Java HotSpot(TM) 64-Bit Server VM (25.45-b02) for windows-amd64 JRE (1.8.0_45-b15), built on Apr 30 2015 12:40:44 by "java_re" with MS VC++ 10.0 (VS2010)

time: Sun Sep 24 13:36:53 2017
elapsed time: 14 seconds (0d 0h 0m 14s)

