#
# There is insufficient memory for the Java Runtime Environment to continue.
# Native memory allocation (malloc) failed to allocate 65552 bytes for Chunk::new
# Possible reasons:
#   The system is out of physical RAM or swap space
#   In 32 bit mode, the process size limit was hit
# Possible solutions:
#   Reduce memory load on the system
#   Increase physical memory or swap space
#   Check if swap backing store is full
#   Use 64 bit Java on a 64 bit OS
#   Decrease Java heap size (-Xmx/-Xms)
#   Decrease number of Java threads
#   Decrease Java thread stack sizes (-Xss)
#   Set larger code cache with -XX:ReservedCodeCacheSize=
# This output file may be truncated or incomplete.
#
#  Out of Memory Error (allocation.cpp:390), pid=9496, tid=7560
#
# JRE version: Java(TM) SE Runtime Environment (8.0_45-b15) (build 1.8.0_45-b15)
# Java VM: Java HotSpot(TM) 64-Bit Server VM (25.45-b02 mixed mode windows-amd64 compressed oops)
# Failed to write core dump. Minidumps are not enabled by default on client versions of Windows
#

---------------  T H R E A D  ---------------

Current thread (0x0000000015b5b000):  JavaThread "C2 CompilerThread0" daemon [_thread_in_native, id=7560, stack(0x0000000017070000,0x0000000017170000)]

Stack: [0x0000000017070000,0x0000000017170000]
Native frames: (J=compiled Java code, j=interpreted, Vv=VM code, C=native code)
V  [jvm.dll+0x32b57a]
V  [jvm.dll+0x279873]
V  [jvm.dll+0x27a509]
V  [jvm.dll+0x271825]
V  [jvm.dll+0xcb9e2]
V  [jvm.dll+0xcbeac]
V  [jvm.dll+0xcc204]
V  [jvm.dll+0x4ea280]
V  [jvm.dll+0x4b925f]
V  [jvm.dll+0x46b92f]
V  [jvm.dll+0x46ccbe]
V  [jvm.dll+0x4500f2]
V  [jvm.dll+0xa4352]
V  [jvm.dll+0xa4c8f]
V  [jvm.dll+0x241984]
V  [jvm.dll+0x29853a]
C  [msvcr100.dll+0x21d9f]
C  [msvcr100.dll+0x21e3b]
C  [KERNEL32.DLL+0x12774]
C  [ntdll.dll+0x70d51]


Current CompileTask:
C2:  36878 1900       4       com.android.dx.ssa.SsaMethod::forEachBlockDepthFirstDom (128 bytes)


---------------  P R O C E S S  ---------------

Java Threads: ( => current thread )
  0x0000000017317800 JavaThread "pool-1-thread-1" [_thread_new, id=3404, stack(0x0000000000000000,0x0000000000000000)]
  0x00000000171cf000 JavaThread "Service Thread" daemon [_thread_blocked, id=4468, stack(0x0000000017770000,0x0000000017870000)]
  0x00000000171c9800 JavaThread "C1 CompilerThread2" daemon [_thread_blocked, id=9476, stack(0x0000000017670000,0x0000000017770000)]
  0x00000000171c6800 JavaThread "C2 CompilerThread1" daemon [_thread_blocked, id=776, stack(0x0000000017570000,0x0000000017670000)]
=>0x0000000015b5b000 JavaThread "C2 CompilerThread0" daemon [_thread_in_native, id=7560, stack(0x0000000017070000,0x0000000017170000)]
  0x0000000015b59800 JavaThread "Attach Listener" daemon [_thread_blocked, id=9328, stack(0x0000000016f70000,0x0000000017070000)]
  0x0000000015b0c800 JavaThread "Signal Dispatcher" daemon [_thread_blocked, id=9980, stack(0x0000000016e70000,0x0000000016f70000)]
  0x0000000003420800 JavaThread "Finalizer" daemon [_thread_blocked, id=7276, stack(0x0000000016d70000,0x0000000016e70000)]
  0x000000000341d000 JavaThread "Reference Handler" daemon [_thread_blocked, id=10032, stack(0x0000000016c70000,0x0000000016d70000)]
  0x0000000002d7d800 JavaThread "main" [_thread_blocked, id=10104, stack(0x0000000003130000,0x0000000003230000)]

Other Threads:
  0x0000000015ac8000 VMThread [stack: 0x0000000016b70000,0x0000000016c70000] [id=4888]
  0x00000000171d0000 WatcherThread [stack: 0x0000000017870000,0x0000000017970000] [id=5344]

VM state:not at safepoint (normal execution)

VM Mutex/Monitor currently owned by a thread: None

Heap:
 PSYoungGen      total 68096K, used 3457K [0x00000000eab00000, 0x00000000f4b00000, 0x0000000100000000)
  eden space 65536K, 5% used [0x00000000eab00000,0x00000000eae60648,0x00000000eeb00000)
  from space 2560K, 0% used [0x00000000eeb00000,0x00000000eeb00000,0x00000000eed80000)
  to   space 16384K, 0% used [0x00000000f3b00000,0x00000000f3b00000,0x00000000f4b00000)
 ParOldGen       total 57344K, used 19574K [0x00000000c0000000, 0x00000000c3800000, 0x00000000eab00000)
  object space 57344K, 34% used [0x00000000c0000000,0x00000000c131dab8,0x00000000c3800000)
 Metaspace       used 6170K, capacity 7088K, committed 7296K, reserved 1056768K
  class space    used 595K, capacity 616K, committed 640K, reserved 1048576K

Card table byte_map: [0x00000000127f0000,0x0000000012a00000] byte_map_base: 0x00000000121f0000

Marking Bits: (ParMarkBitMap*) 0x0000000056e44040
 Begin Bits: [0x0000000012f60000, 0x0000000013f60000)
 End Bits:   [0x0000000013f60000, 0x0000000014f60000)

Polling page: 0x0000000001290000

CodeCache: size=245760Kb used=9497Kb max_used=9497Kb free=236262Kb
 bounds [0x0000000003430000, 0x0000000003d80000, 0x0000000012430000]
 total_blobs=2155 nmethods=1885 adapters=184
 compilation: enabled

Compilation events (10 events):
Event: 36.719 Thread 0x00000000171c9800 1906       3       com.android.dx.cf.code.SwitchList::setDefaultTarget (51 bytes)
Event: 36.720 Thread 0x00000000171c9800 nmethod 1906 0x0000000003d46c90 code [0x0000000003d46e60, 0x0000000003d474d8]
Event: 36.720 Thread 0x00000000171c9800 1907       1       com.android.dx.cf.code.SwitchList::getTargets (5 bytes)
Event: 36.720 Thread 0x00000000171c9800 nmethod 1907 0x0000000003d6cb50 code [0x0000000003d6cca0, 0x0000000003d6cdb0]
Event: 36.722 Thread 0x00000000171c9800 1908       1       com.android.dx.rop.code.SwitchInsn::getCases (5 bytes)
Event: 36.723 Thread 0x00000000171c9800 nmethod 1908 0x0000000003d6c890 code [0x0000000003d6c9e0, 0x0000000003d6caf0]
Event: 36.723 Thread 0x00000000171c9800 1909       1       com.android.dx.dex.code.SwitchData::isPacked (5 bytes)
Event: 36.723 Thread 0x00000000171c9800 nmethod 1909 0x0000000003d469d0 code [0x0000000003d46b20, 0x0000000003d46c30]
Event: 36.725 Thread 0x00000000171c9800 1910  s    3       java.lang.StringBuffer::toString (36 bytes)
Event: 36.726 Thread 0x00000000171c9800 nmethod 1910 0x0000000003d46250 code [0x0000000003d463e0, 0x0000000003d46888]

GC Heap History (10 events):
Event: 11.397 GC heap before
{Heap before GC invocations=2 (full 0):
 PSYoungGen      total 18944K, used 18920K [0x00000000eab00000, 0x00000000ed000000, 0x0000000100000000)
  eden space 16384K, 100% used [0x00000000eab00000,0x00000000ebb00000,0x00000000ebb00000)
  from space 2560K, 99% used [0x00000000ebb00000,0x00000000ebd7a038,0x00000000ebd80000)
  to   space 2560K, 0% used [0x00000000ecd80000,0x00000000ecd80000,0x00000000ed000000)
 ParOldGen       total 44032K, used 1528K [0x00000000c0000000, 0x00000000c2b00000, 0x00000000eab00000)
  object space 44032K, 3% used [0x00000000c0000000,0x00000000c017e060,0x00000000c2b00000)
 Metaspace       used 5948K, capacity 6896K, committed 7040K, reserved 1056768K
  class space    used 590K, capacity 616K, committed 640K, reserved 1048576K
Event: 11.633 GC heap after
Heap after GC invocations=2 (full 0):
 PSYoungGen      total 35328K, used 2535K [0x00000000eab00000, 0x00000000ed000000, 0x0000000100000000)
  eden space 32768K, 0% used [0x00000000eab00000,0x00000000eab00000,0x00000000ecb00000)
  from space 2560K, 99% used [0x00000000ecd80000,0x00000000ecff9e28,0x00000000ed000000)
  to   space 2560K, 0% used [0x00000000ecb00000,0x00000000ecb00000,0x00000000ecd80000)
 ParOldGen       total 44032K, used 5327K [0x00000000c0000000, 0x00000000c2b00000, 0x00000000eab00000)
  object space 44032K, 12% used [0x00000000c0000000,0x00000000c0533de0,0x00000000c2b00000)
 Metaspace       used 5948K, capacity 6896K, committed 7040K, reserved 1056768K
  class space    used 590K, capacity 616K, committed 640K, reserved 1048576K
}
Event: 15.699 GC heap before
{Heap before GC invocations=3 (full 0):
 PSYoungGen      total 35328K, used 35303K [0x00000000eab00000, 0x00000000ed000000, 0x0000000100000000)
  eden space 32768K, 100% used [0x00000000eab00000,0x00000000ecb00000,0x00000000ecb00000)
  from space 2560K, 99% used [0x00000000ecd80000,0x00000000ecff9e28,0x00000000ed000000)
  to   space 2560K, 0% used [0x00000000ecb00000,0x00000000ecb00000,0x00000000ecd80000)
 ParOldGen       total 44032K, used 5327K [0x00000000c0000000, 0x00000000c2b00000, 0x00000000eab00000)
  object space 44032K, 12% used [0x00000000c0000000,0x00000000c0533de0,0x00000000c2b00000)
 Metaspace       used 6005K, capacity 6960K, committed 7040K, reserved 1056768K
  class space    used 591K, capacity 616K, committed 640K, reserved 1048576K
Event: 16.517 GC heap after
Heap after GC invocations=3 (full 0):
 PSYoungGen      total 35328K, used 2551K [0x00000000eab00000, 0x00000000ef000000, 0x0000000100000000)
  eden space 32768K, 0% used [0x00000000eab00000,0x00000000eab00000,0x00000000ecb00000)
  from space 2560K, 99% used [0x00000000ecb00000,0x00000000ecd7de38,0x00000000ecd80000)
  to   space 2560K, 0% used [0x00000000eed80000,0x00000000eed80000,0x00000000ef000000)
 ParOldGen       total 44032K, used 18536K [0x00000000c0000000, 0x00000000c2b00000, 0x00000000eab00000)
  object space 44032K, 42% used [0x00000000c0000000,0x00000000c121a3d0,0x00000000c2b00000)
 Metaspace       used 6005K, capacity 6960K, committed 7040K, reserved 1056768K
  class space    used 591K, capacity 616K, committed 640K, reserved 1048576K
}
Event: 21.382 GC heap before
{Heap before GC invocations=4 (full 0):
 PSYoungGen      total 35328K, used 35319K [0x00000000eab00000, 0x00000000ef000000, 0x0000000100000000)
  eden space 32768K, 100% used [0x00000000eab00000,0x00000000ecb00000,0x00000000ecb00000)
  from space 2560K, 99% used [0x00000000ecb00000,0x00000000ecd7de38,0x00000000ecd80000)
  to   space 2560K, 0% used [0x00000000eed80000,0x00000000eed80000,0x00000000ef000000)
 ParOldGen       total 44032K, used 18536K [0x00000000c0000000, 0x00000000c2b00000, 0x00000000eab00000)
  object space 44032K, 42% used [0x00000000c0000000,0x00000000c121a3d0,0x00000000c2b00000)
 Metaspace       used 6033K, capacity 6960K, committed 7040K, reserved 1056768K
  class space    used 592K, capacity 616K, committed 640K, reserved 1048576K
Event: 21.545 GC heap after
Heap after GC invocations=4 (full 0):
 PSYoungGen      total 68096K, used 2535K [0x00000000eab00000, 0x00000000ef000000, 0x0000000100000000)
  eden space 65536K, 0% used [0x00000000eab00000,0x00000000eab00000,0x00000000eeb00000)
  from space 2560K, 99% used [0x00000000eed80000,0x00000000eeff9e00,0x00000000ef000000)
  to   space 2560K, 0% used [0x00000000eeb00000,0x00000000eeb00000,0x00000000eed80000)
 ParOldGen       total 44032K, used 27073K [0x00000000c0000000, 0x00000000c2b00000, 0x00000000eab00000)
  object space 44032K, 61% used [0x00000000c0000000,0x00000000c1a70418,0x00000000c2b00000)
 Metaspace       used 6033K, capacity 6960K, committed 7040K, reserved 1056768K
  class space    used 592K, capacity 616K, committed 640K, reserved 1048576K
}
Event: 34.230 GC heap before
{Heap before GC invocations=5 (full 0):
 PSYoungGen      total 68096K, used 68071K [0x00000000eab00000, 0x00000000ef000000, 0x0000000100000000)
  eden space 65536K, 100% used [0x00000000eab00000,0x00000000eeb00000,0x00000000eeb00000)
  from space 2560K, 99% used [0x00000000eed80000,0x00000000eeff9e00,0x00000000ef000000)
  to   space 2560K, 0% used [0x00000000eeb00000,0x00000000eeb00000,0x00000000eed80000)
 ParOldGen       total 44032K, used 27073K [0x00000000c0000000, 0x00000000c2b00000, 0x00000000eab00000)
  object space 44032K, 61% used [0x00000000c0000000,0x00000000c1a70418,0x00000000c2b00000)
 Metaspace       used 6157K, capacity 7088K, committed 7296K, reserved 1056768K
  class space    used 593K, capacity 616K, committed 640K, reserved 1048576K
Event: 34.798 GC heap after
Heap after GC invocations=5 (full 0):
 PSYoungGen      total 68096K, used 2552K [0x00000000eab00000, 0x00000000f4b00000, 0x0000000100000000)
  eden space 65536K, 0% used [0x00000000eab00000,0x00000000eab00000,0x00000000eeb00000)
  from space 2560K, 99% used [0x00000000eeb00000,0x00000000eed7e088,0x00000000eed80000)
  to   space 16384K, 0% used [0x00000000f3b00000,0x00000000f3b00000,0x00000000f4b00000)
 ParOldGen       total 44032K, used 35047K [0x00000000c0000000, 0x00000000c2b00000, 0x00000000eab00000)
  object space 44032K, 79% used [0x00000000c0000000,0x00000000c2239e90,0x00000000c2b00000)
 Metaspace       used 6157K, capacity 7088K, committed 7296K, reserved 1056768K
  class space    used 593K, capacity 616K, committed 640K, reserved 1048576K
}
Event: 34.799 GC heap before
{Heap before GC invocations=6 (full 1):
 PSYoungGen      total 68096K, used 2552K [0x00000000eab00000, 0x00000000f4b00000, 0x0000000100000000)
  eden space 65536K, 0% used [0x00000000eab00000,0x00000000eab00000,0x00000000eeb00000)
  from space 2560K, 99% used [0x00000000eeb00000,0x00000000eed7e088,0x00000000eed80000)
  to   space 16384K, 0% used [0x00000000f3b00000,0x00000000f3b00000,0x00000000f4b00000)
 ParOldGen       total 44032K, used 35047K [0x00000000c0000000, 0x00000000c2b00000, 0x00000000eab00000)
  object space 44032K, 79% used [0x00000000c0000000,0x00000000c2239e90,0x00000000c2b00000)
 Metaspace       used 6157K, capacity 7088K, committed 7296K, reserved 1056768K
  class space    used 593K, capacity 616K, committed 640K, reserved 1048576K
Event: 36.680 GC heap after
Heap after GC invocations=6 (full 1):
 PSYoungGen      total 68096K, used 0K [0x00000000eab00000, 0x00000000f4b00000, 0x0000000100000000)
  eden space 65536K, 0% used [0x00000000eab00000,0x00000000eab00000,0x00000000eeb00000)
  from space 2560K, 0% used [0x00000000eeb00000,0x00000000eeb00000,0x00000000eed80000)
  to   space 16384K, 0% used [0x00000000f3b00000,0x00000000f3b00000,0x00000000f4b00000)
 ParOldGen       total 57344K, used 19574K [0x00000000c0000000, 0x00000000c3800000, 0x00000000eab00000)
  object space 57344K, 34% used [0x00000000c0000000,0x00000000c131dab8,0x00000000c3800000)
 Metaspace       used 6157K, capacity 7088K, committed 7296K, reserved 1056768K
  class space    used 593K, capacity 616K, committed 640K, reserved 1048576K
}

Deoptimization events (10 events):
Event: 32.101 Thread 0x0000000017317800 Uncommon trap: reason=class_check action=maybe_recompile pc=0x0000000003be0748 method=com.android.dx.ssa.SCCP.replaceConstants()V @ 81
Event: 32.871 Thread 0x0000000017317800 Uncommon trap: reason=unstable_if action=reinterpret pc=0x000000000383d7bc method=com.android.dx.util.IntList.binarysearch(I)I @ 105
Event: 32.873 Thread 0x0000000017317800 Uncommon trap: reason=unstable_if action=reinterpret pc=0x0000000003974ed4 method=com.android.dx.ssa.SsaBasicBlock.newFromRop(Lcom/android/dx/rop/code/RopMethod;ILcom/android/dx/ssa/SsaMethod;)Lcom/android/dx/ssa/SsaBasicBlock; @ 164
Event: 32.903 Thread 0x0000000017317800 Uncommon trap: reason=unstable_if action=reinterpret pc=0x0000000003aa946c method=com.android.dx.ssa.SsaMethod.blockIndexToRopLabel(I)I @ 1
Event: 33.227 Thread 0x0000000017317800 Uncommon trap: reason=class_check action=maybe_recompile pc=0x0000000003ce3048 method=com.android.dx.rop.code.RegisterSpec.withSimpleType()Lcom/android/dx/rop/code/RegisterSpec; @ 21
Event: 33.238 Thread 0x0000000017317800 Uncommon trap: reason=unstable_if action=reinterpret pc=0x0000000003a90d0c method=com.android.dx.dex.code.RopTranslator.outputBlock(Lcom/android/dx/rop/code/BasicBlock;I)V @ 132
Event: 33.561 Thread 0x00000000172e2800 Uncommon trap: reason=uninitialized action=reinterpret pc=0x0000000003c993f8 method=com.android.dx.cf.code.BytecodeArray.parseInstruction(ILcom/android/dx/cf/code/BytecodeArray$Visitor;)I @ 1079
Event: 36.707 Thread 0x0000000017317800 Uncommon trap: reason=unstable_if action=reinterpret pc=0x00000000039bf398 method=com.android.dx.ssa.SsaRenamer$BlockRenamer.process()V @ 90
Event: 36.707 Thread 0x0000000017317800 Uncommon trap: reason=unstable_if action=reinterpret pc=0x0000000003921cb8 method=com.android.dx.ssa.SsaRenamer$BlockRenamer.addMapping(ILcom/android/dx/rop/code/RegisterSpec;)V @ 120
Event: 36.707 Thread 0x0000000017317800 Uncommon trap: reason=unstable_if action=reinterpret pc=0x000000000377dfa8 method=com.android.dx.ssa.SsaRenamer$BlockRenamer.addMapping(ILcom/android/dx/rop/code/RegisterSpec;)V @ 120

Internal exceptions (5 events):
Event: 0.176 Thread 0x0000000002d7d800 Exception <a 'java/lang/NoSuchMethodError': Method sun.misc.Unsafe.defineClass(Ljava/lang/String;[BII)Ljava/lang/Class; name or signature does not match> (0x00000000eab12ef0) thrown at [C:\re\workspace\8-2-build-windows-amd64-cygwin\jdk8u45\3627\hotspot\sr®r‘0•Æ?
Event: 0.176 Thread 0x0000000002d7d800 Exception <a 'java/lang/NoSuchMethodError': Method sun.misc.Unsafe.prefetchRead(Ljava/lang/Object;J)V name or signature does not match> (0x00000000eab13180) thrown at [C:\re\workspace\8-2-build-windows-amd64-cygwin\jdk8u45\3627\hotspot\src\share\vm\prims\j_všÅ¨"@
Event: 9.330 Thread 0x0000000017327000 Implicit null exception at 0x00000000037575ca to 0x0000000003759a59
Event: 9.330 Thread 0x0000000017327000 Implicit null exception at 0x000000000374b26f to 0x000000000374d7bd
Event: 9.724 Thread 0x0000000017327000 Implicit null exception at 0x0000000003761c62 to 0x0000000003761d52

Events (10 events):
Event: 36.707 Thread 0x0000000017317800 Uncommon trap: trap_request=0xffffff65 fr.pc=0x000000000377dfa8
Event: 36.707 Thread 0x0000000017317800 DEOPT PACKING pc=0x000000000377dfa8 sp=0x0000000017d6e710
Event: 36.707 Thread 0x0000000017317800 DEOPT UNPACKING pc=0x000000000347582a sp=0x0000000017d6e6a0 mode 2
Event: 36.711 Thread 0x0000000017317800 DEOPT PACKING pc=0x000000000399ee65 sp=0x0000000017d6e8f0
Event: 36.711 Thread 0x0000000017317800 DEOPT UNPACKING pc=0x000000000347747f sp=0x0000000017d6e6d0 mode 0
Event: 36.723 Thread 0x0000000017317800 Thread exited: 0x0000000017317800
Event: 36.724 Thread 0x00000000172e6800 Thread exited: 0x00000000172e6800
Event: 36.725 loading class com/android/dx/command/dexer/Main$DexWriter
Event: 36.725 loading class com/android/dx/command/dexer/Main$DexWriter done
Event: 36.727 Thread 0x0000000017317800 Thread added: 0x0000000017317800


Dynamic libraries:
0x00007ff6ebcc0000 - 0x00007ff6ebcf7000 	C:\Program Files\Java\jdk1.8.0_45\bin\java.exe
0x00007ffafd8b0000 - 0x00007ffafda8b000 	C:\WINDOWS\SYSTEM32\ntdll.dll
0x00007ffafd800000 - 0x00007ffafd8ae000 	C:\WINDOWS\System32\KERNEL32.DLL
0x00007ffafa230000 - 0x00007ffafa479000 	C:\WINDOWS\System32\KERNELBASE.dll
0x00007ffafd210000 - 0x00007ffafd2b1000 	C:\WINDOWS\System32\ADVAPI32.dll
0x00007ffafae20000 - 0x00007ffafaebd000 	C:\WINDOWS\System32\msvcrt.dll
0x00007ffafc970000 - 0x00007ffafc9c9000 	C:\WINDOWS\System32\sechost.dll
0x00007ffafb310000 - 0x00007ffafb435000 	C:\WINDOWS\System32\RPCRT4.dll
0x00007ffafce60000 - 0x00007ffafcfaa000 	C:\WINDOWS\System32\USER32.dll
0x00007ffaf9dd0000 - 0x00007ffaf9dee000 	C:\WINDOWS\System32\win32u.dll
0x00007ffafd2c0000 - 0x00007ffafd2e7000 	C:\WINDOWS\System32\GDI32.dll
0x00007ffafac80000 - 0x00007ffafae08000 	C:\WINDOWS\System32\gdi32full.dll
0x00007ffafa190000 - 0x00007ffafa22a000 	C:\WINDOWS\System32\msvcp_win.dll
0x00007ffafab80000 - 0x00007ffafac76000 	C:\WINDOWS\System32\ucrtbase.dll
0x00007ffaef850000 - 0x00007ffaefab7000 	C:\WINDOWS\WinSxS\amd64_microsoft.windows.common-controls_6595b64144ccf1df_6.0.15063.483_none_26002d27e7c744a2\COMCTL32.dll
0x00007ffafd390000 - 0x00007ffafd689000 	C:\WINDOWS\System32\combase.dll
0x00007ffaf9e50000 - 0x00007ffaf9eba000 	C:\WINDOWS\System32\bcryptPrimitives.dll
0x00007ffafd1e0000 - 0x00007ffafd20d000 	C:\WINDOWS\System32\IMM32.DLL
0x0000000056ed0000 - 0x0000000056fa2000 	C:\Program Files\Java\jdk1.8.0_45\jre\bin\msvcr100.dll
0x0000000056640000 - 0x0000000056ec3000 	C:\Program Files\Java\jdk1.8.0_45\jre\bin\server\jvm.dll
0x00007ffafae10000 - 0x00007ffafae18000 	C:\WINDOWS\System32\PSAPI.DLL
0x00007ffaefeb0000 - 0x00007ffaefeb9000 	C:\WINDOWS\SYSTEM32\WSOCK32.dll
0x00007ffafc9d0000 - 0x00007ffafca3c000 	C:\WINDOWS\System32\WS2_32.dll
0x00007ffaf7f20000 - 0x00007ffaf7f43000 	C:\WINDOWS\SYSTEM32\WINMM.dll
0x00007ffaee6a0000 - 0x00007ffaee6aa000 	C:\WINDOWS\SYSTEM32\VERSION.dll
0x00007ffaf7ef0000 - 0x00007ffaf7f1b000 	C:\WINDOWS\SYSTEM32\WINMMBASE.dll
0x00007ffaf9f70000 - 0x00007ffaf9fb9000 	C:\WINDOWS\System32\cfgmgr32.dll
0x0000000056630000 - 0x000000005663f000 	C:\Program Files\Java\jdk1.8.0_45\jre\bin\verify.dll
0x0000000056600000 - 0x0000000056629000 	C:\Program Files\Java\jdk1.8.0_45\jre\bin\java.dll
0x00000000565e0000 - 0x00000000565f6000 	C:\Program Files\Java\jdk1.8.0_45\jre\bin\zip.dll
0x00007ffafb4b0000 - 0x00007ffafc8e6000 	C:\WINDOWS\System32\SHELL32.dll
0x00007ffafd130000 - 0x00007ffafd1da000 	C:\WINDOWS\System32\shcore.dll
0x00007ffafa480000 - 0x00007ffafab73000 	C:\WINDOWS\System32\windows.storage.dll
0x00007ffafcfb0000 - 0x00007ffafd001000 	C:\WINDOWS\System32\shlwapi.dll
0x00007ffaf9db0000 - 0x00007ffaf9dc1000 	C:\WINDOWS\System32\kernel.appcore.dll
0x00007ffaf9d20000 - 0x00007ffaf9d6c000 	C:\WINDOWS\System32\powrprof.dll
0x00007ffaf9d90000 - 0x00007ffaf9da5000 	C:\WINDOWS\System32\profapi.dll
0x00007ffae80b0000 - 0x00007ffae8259000 	C:\WINDOWS\SYSTEM32\dbghelp.dll

VM Arguments:
jvm_args: -Djava.awt.headless=true -Xmx1024M -Dfile.encoding=GBK -Duser.country=CN -Duser.language=zh -Duser.variant 
java_command: com.android.dx.command.Main --dex --force-jumbo --num-threads=4 --multi-dex --output D:\Android\coreProjcet\Kake\app\build\intermediates\transforms\dex\debug\folders\1000\5\slice_8 D:\Android\coreProjcet\Kake\app\build\intermediates\transforms\instantRunSlicer\debug\folders\1\5\slice_8
java_class_path (initial): D:\Android\SDK\build-tools\25.0.2\lib\dx.jar
Launcher Type: SUN_STANDARD

Environment Variables:
JAVA_HOME=C:\Program Files\Java\jdk1.8.0_45
PATH=C:\WINDOWS\system32;C:\WINDOWS;C:\WINDOWS\System32\Wbem;C:\WINDOWS\System32\WindowsPowerShell\v1.0\;C:\Program Files (x86)\AMD\ATI.ACE\Core-Static;C:\Program Files\Java\jdk1.8.0_45\bin;C:\Program Files\Git\cmd;C:\Program Files\Git\mingw64\bin;C:\Program Files\Git\usr\bin;C:\Program Files (x86)\ATI Technologies\ATI.ACE\Core-Static;D:\Program Files\gradle\gradle-3.5\bin;C:\ProgramData\chocolatey\bin;C:\tools\python2;C:\Program Files\nodejs\;D:\wamp\bin\php\php5.5.12;D:\wamp\bin\mysql\mysql5.6.17\bin;D:\program\groovy-2.4.11\bin;D:\Program Files\KDiff3;D:\Program_Files\proguard5.3.3\bin;D:\Program Files\jd-gui-windows-1.4.0;C:\Users\Lshare\AppData\Local\Microsoft\WindowsApps;C:\Users\Lshare\AppData\Roaming\npm;D:\Program Files\adt-bundle-windows-x86_64-20130917\sdk\platform-tools;D:\Program Files (x86)\Egret\Egret Wing 3\bin;D:\Program_Files\dex2jar-2.0;
USERNAME=Lshare
OS=Windows_NT
PROCESSOR_IDENTIFIER=Intel64 Family 6 Model 55 Stepping 8, GenuineIntel



---------------  S Y S T E M  ---------------

OS: Windows 10.0 , 64 bit Build 15063 (10.0.15063.296)

CPU:total 4 (4 cores per cpu, 1 threads per core) family 6 model 55 stepping 8, cmov, cx8, fxsr, mmx, sse, sse2, sse3, ssse3, sse4.1, sse4.2, popcnt, clmul, erms, 3dnowpref, tsc, tscinvbit

Memory: 4k page, physical 4074708k(526316k free), swap 8105796k(3140k free)

vm_info: Java HotSpot(TM) 64-Bit Server VM (25.45-b02) for windows-amd64 JRE (1.8.0_45-b15), built on Apr 30 2015 12:40:44 by "java_re" with MS VC++ 10.0 (VS2010)

time: Sun Sep 24 13:45:17 2017
elapsed time: 36 seconds (0d 0h 0m 36s)

