#
# There is insufficient memory for the Java Runtime Environment to continue.
# Native memory allocation (malloc) failed to allocate 1542576 bytes for Chunk::new
# Possible reasons:
#   The system is out of physical RAM or swap space
#   In 32 bit mode, the process size limit was hit
# Possible solutions:
#   Reduce memory load on the system
#   Increase physical memory or swap space
#   Check if swap backing store is full
#   Use 64 bit Java on a 64 bit OS
#   Decrease Java heap size (-Xmx/-Xms)
#   Decrease number of Java threads
#   Decrease Java thread stack sizes (-Xss)
#   Set larger code cache with -XX:ReservedCodeCacheSize=
# This output file may be truncated or incomplete.
#
#  Out of Memory Error (allocation.cpp:390), pid=8036, tid=9704
#
# JRE version: Java(TM) SE Runtime Environment (8.0_45-b15) (build 1.8.0_45-b15)
# Java VM: Java HotSpot(TM) 64-Bit Server VM (25.45-b02 mixed mode windows-amd64 compressed oops)
# Failed to write core dump. Minidumps are not enabled by default on client versions of Windows
#

---------------  T H R E A D  ---------------

Current thread (0x0000000016f36800):  JavaThread "C2 CompilerThread1" daemon [_thread_in_native, id=9704, stack(0x00000000172e0000,0x00000000173e0000)]

Stack: [0x00000000172e0000,0x00000000173e0000]
Native frames: (J=compiled Java code, j=interpreted, Vv=VM code, C=native code)
V  [jvm.dll+0x32b57a]
V  [jvm.dll+0x279873]
V  [jvm.dll+0x27a509]
V  [jvm.dll+0x271825]
V  [jvm.dll+0xcb9e2]
V  [jvm.dll+0xcbeac]
V  [jvm.dll+0x476ef2]
V  [jvm.dll+0x4b955f]
V  [jvm.dll+0x46bf81]
V  [jvm.dll+0x46ccbe]
V  [jvm.dll+0x4500f2]
V  [jvm.dll+0xa4352]
V  [jvm.dll+0xa4c8f]
V  [jvm.dll+0x241984]
V  [jvm.dll+0x29853a]
C  [msvcr100.dll+0x21d9f]
C  [msvcr100.dll+0x21e3b]
C  [KERNEL32.DLL+0x12774]
C  [ntdll.dll+0x70d51]


Current CompileTask:
C2:  22893 1305   !   4       com.android.dx.cf.code.RopperMachine::run (1550 bytes)


---------------  P R O C E S S  ---------------

Java Threads: ( => current thread )
  0x000000001717a800 JavaThread "pool-2-thread-4" [_thread_in_Java, id=1888, stack(0x0000000017ae0000,0x0000000017be0000)]
  0x0000000017155000 JavaThread "pool-2-thread-3" [_thread_in_Java, id=5868, stack(0x00000000179e0000,0x0000000017ae0000)]
  0x0000000017047000 JavaThread "pool-2-thread-2" [_thread_in_Java, id=9272, stack(0x00000000178e0000,0x00000000179e0000)]
  0x0000000017046800 JavaThread "pool-3-thread-1" [_thread_blocked, id=8360, stack(0x00000000177e0000,0x00000000178e0000)]
  0x0000000017042800 JavaThread "pool-2-thread-1" [_thread_in_Java, id=1356, stack(0x00000000176e0000,0x00000000177e0000)]
  0x0000000016f3c000 JavaThread "Service Thread" daemon [_thread_blocked, id=4152, stack(0x00000000174e0000,0x00000000175e0000)]
  0x0000000016f39000 JavaThread "C1 CompilerThread2" daemon [_thread_in_vm, id=172, stack(0x00000000173e0000,0x00000000174e0000)]
=>0x0000000016f36800 JavaThread "C2 CompilerThread1" daemon [_thread_in_native, id=9704, stack(0x00000000172e0000,0x00000000173e0000)]
  0x00000000158cb800 JavaThread "C2 CompilerThread0" daemon [_thread_in_native, id=3776, stack(0x0000000016de0000,0x0000000016ee0000)]
  0x0000000015880000 JavaThread "Attach Listener" daemon [_thread_blocked, id=4072, stack(0x0000000016ce0000,0x0000000016de0000)]
  0x000000001587f000 JavaThread "Signal Dispatcher" daemon [_thread_blocked, id=4520, stack(0x0000000016be0000,0x0000000016ce0000)]
  0x0000000003191800 JavaThread "Finalizer" daemon [_thread_blocked, id=1148, stack(0x0000000016ae0000,0x0000000016be0000)]
  0x000000000318e000 JavaThread "Reference Handler" daemon [_thread_blocked, id=620, stack(0x00000000169e0000,0x0000000016ae0000)]
  0x0000000002f9d800 JavaThread "main" [_thread_in_native, id=7544, stack(0x0000000002fa0000,0x00000000030a0000)]

Other Threads:
  0x0000000015838000 VMThread [stack: 0x00000000168e0000,0x00000000169e0000] [id=9600]
  0x0000000016f3d000 WatcherThread [stack: 0x00000000175e0000,0x00000000176e0000] [id=1016]

VM state:not at safepoint (normal execution)

VM Mutex/Monitor currently owned by a thread: None

Heap:
 PSYoungGen      total 35328K, used 13835K [0x00000000eab00000, 0x00000000ed000000, 0x0000000100000000)
  eden space 32768K, 34% used [0x00000000eab00000,0x00000000eb6093b0,0x00000000ecb00000)
  from space 2560K, 99% used [0x00000000ecd80000,0x00000000ecff9a08,0x00000000ed000000)
  to   space 2560K, 0% used [0x00000000ecb00000,0x00000000ecb00000,0x00000000ecd80000)
 ParOldGen       total 44032K, used 8002K [0x00000000c0000000, 0x00000000c2b00000, 0x00000000eab00000)
  object space 44032K, 18% used [0x00000000c0000000,0x00000000c07d08e0,0x00000000c2b00000)
 Metaspace       used 5933K, capacity 6896K, committed 7040K, reserved 1056768K
  class space    used 595K, capacity 616K, committed 640K, reserved 1048576K

Card table byte_map: [0x0000000012560000,0x0000000012770000] byte_map_base: 0x0000000011f60000

Marking Bits: (ParMarkBitMap*) 0x0000000056f24040
 Begin Bits: [0x0000000012cd0000, 0x0000000013cd0000)
 End Bits:   [0x0000000013cd0000, 0x0000000014cd0000)

Polling page: 0x0000000001420000

CodeCache: size=245760Kb used=5589Kb max_used=5589Kb free=240170Kb
 bounds [0x00000000031a0000, 0x0000000003720000, 0x00000000121a0000]
 total_blobs=1570 nmethods=1300 adapters=184
 compilation: enabled

Compilation events (10 events):
Event: 22.421 Thread 0x0000000016f39000 1316       3       com.android.dx.rop.code.RegisterSpec::hashCodeOf (30 bytes)
Event: 22.422 Thread 0x0000000016f39000 nmethod 1316 0x0000000003701690 code [0x0000000003701800, 0x0000000003701ab8]
Event: 22.423 Thread 0x0000000016f39000 1317       3       com.android.dx.ssa.Dominators::run (506 bytes)
Event: 22.435 Thread 0x0000000016f39000 nmethod 1317 0x0000000003701bd0 code [0x00000000037021c0, 0x00000000037063b8]
Event: 22.436 Thread 0x0000000016f39000 1318       3       com.android.dx.ssa.SsaConverter::placePhiFunctions (394 bytes)
Event: 22.446 Thread 0x0000000016f39000 nmethod 1318 0x0000000003709d50 code [0x000000000370a300, 0x000000000370d928]
Event: 22.476 Thread 0x0000000016f39000 1319       3       com.android.dx.rop.code.Rops::opMoveResult (23 bytes)
Event: 22.476 Thread 0x0000000016f39000 nmethod 1319 0x0000000003711110 code [0x00000000037112a0, 0x00000000037115d8]
Event: 22.502 Thread 0x0000000016f36800 nmethod 1300 0x0000000003715250 code [0x0000000003715440, 0x0000000003716328]
Event: 22.502 Thread 0x0000000016f36800 1305   !   4       com.android.dx.cf.code.RopperMachine::run (1550 bytes)

GC Heap History (4 events):
Event: 17.032 GC heap before
{Heap before GC invocations=1 (full 0):
 PSYoungGen      total 18944K, used 16384K [0x00000000eab00000, 0x00000000ec000000, 0x0000000100000000)
  eden space 16384K, 100% used [0x00000000eab00000,0x00000000ebb00000,0x00000000ebb00000)
  from space 2560K, 0% used [0x00000000ebd80000,0x00000000ebd80000,0x00000000ec000000)
  to   space 2560K, 0% used [0x00000000ebb00000,0x00000000ebb00000,0x00000000ebd80000)
 ParOldGen       total 44032K, used 0K [0x00000000c0000000, 0x00000000c2b00000, 0x00000000eab00000)
  object space 44032K, 0% used [0x00000000c0000000,0x00000000c0000000,0x00000000c2b00000)
 Metaspace       used 5806K, capacity 6768K, committed 7040K, reserved 1056768K
  class space    used 591K, capacity 616K, committed 640K, reserved 1048576K
Event: 17.378 GC heap after
Heap after GC invocations=1 (full 0):
 PSYoungGen      total 18944K, used 2530K [0x00000000eab00000, 0x00000000ed000000, 0x0000000100000000)
  eden space 16384K, 0% used [0x00000000eab00000,0x00000000eab00000,0x00000000ebb00000)
  from space 2560K, 98% used [0x00000000ebb00000,0x00000000ebd789a0,0x00000000ebd80000)
  to   space 2560K, 0% used [0x00000000ecd80000,0x00000000ecd80000,0x00000000ed000000)
 ParOldGen       total 44032K, used 2096K [0x00000000c0000000, 0x00000000c2b00000, 0x00000000eab00000)
  object space 44032K, 4% used [0x00000000c0000000,0x00000000c020c1d8,0x00000000c2b00000)
 Metaspace       used 5806K, capacity 6768K, committed 7040K, reserved 1056768K
  class space    used 591K, capacity 616K, committed 640K, reserved 1048576K
}
Event: 19.562 GC heap before
{Heap before GC invocations=2 (full 0):
 PSYoungGen      total 18944K, used 18914K [0x00000000eab00000, 0x00000000ed000000, 0x0000000100000000)
  eden space 16384K, 100% used [0x00000000eab00000,0x00000000ebb00000,0x00000000ebb00000)
  from space 2560K, 98% used [0x00000000ebb00000,0x00000000ebd789a0,0x00000000ebd80000)
  to   space 2560K, 0% used [0x00000000ecd80000,0x00000000ecd80000,0x00000000ed000000)
 ParOldGen       total 44032K, used 2096K [0x00000000c0000000, 0x00000000c2b00000, 0x00000000eab00000)
  object space 44032K, 4% used [0x00000000c0000000,0x00000000c020c1d8,0x00000000c2b00000)
 Metaspace       used 5891K, capacity 6832K, committed 7040K, reserved 1056768K
  class space    used 593K, capacity 616K, committed 640K, reserved 1048576K
Event: 19.998 GC heap after
Heap after GC invocations=2 (full 0):
 PSYoungGen      total 35328K, used 2534K [0x00000000eab00000, 0x00000000ed000000, 0x0000000100000000)
  eden space 32768K, 0% used [0x00000000eab00000,0x00000000eab00000,0x00000000ecb00000)
  from space 2560K, 99% used [0x00000000ecd80000,0x00000000ecff9a08,0x00000000ed000000)
  to   space 2560K, 0% used [0x00000000ecb00000,0x00000000ecb00000,0x00000000ecd80000)
 ParOldGen       total 44032K, used 8002K [0x00000000c0000000, 0x00000000c2b00000, 0x00000000eab00000)
  object space 44032K, 18% used [0x00000000c0000000,0x00000000c07d08e0,0x00000000c2b00000)
 Metaspace       used 5891K, capacity 6832K, committed 7040K, reserved 1056768K
  class space    used 593K, capacity 616K, committed 640K, reserved 1048576K
}

Deoptimization events (10 events):
Event: 19.435 Thread 0x0000000017042800 Uncommon trap: reason=bimorphic action=maybe_recompile pc=0x00000000035f617c method=com.android.dx.cf.code.BaseMachine.getLocalTarget(Z)Lcom/android/dx/rop/code/RegisterSpec; @ 70
Event: 19.436 Thread 0x0000000017042800 Uncommon trap: reason=unstable_if action=reinterpret pc=0x00000000035b3674 method=com.android.dx.cf.code.Ropper.labelToResultIndex(I)I @ 34
Event: 19.441 Thread 0x0000000017042800 Uncommon trap: reason=unstable_if action=reinterpret pc=0x00000000035d4614 method=com.android.dx.util.LabeledList.set(ILcom/android/dx/util/LabeledItem;)V @ 16
Event: 22.150 Thread 0x0000000017042800 Uncommon trap: reason=class_check action=maybe_recompile pc=0x000000000369bdcc method=com.android.dx.cf.code.RopperMachine.run(Lcom/android/dx/cf/code/Frame;II)V @ 988
Event: 22.380 Thread 0x0000000017042800 Uncommon trap: reason=bimorphic action=maybe_recompile pc=0x000000000369bd88 method=com.android.dx.cf.code.BaseMachine.getLocalTarget(Z)Lcom/android/dx/rop/code/RegisterSpec; @ 70
Event: 22.380 Thread 0x0000000017042800 Uncommon trap: reason=bimorphic action=maybe_recompile pc=0x000000000369bd88 method=com.android.dx.cf.code.BaseMachine.getLocalTarget(Z)Lcom/android/dx/rop/code/RegisterSpec; @ 70
Event: 22.380 Thread 0x0000000017042800 Uncommon trap: reason=bimorphic action=maybe_recompile pc=0x00000000035f617c method=com.android.dx.cf.code.BaseMachine.getLocalTarget(Z)Lcom/android/dx/rop/code/RegisterSpec; @ 70
Event: 22.384 Thread 0x0000000017042800 Uncommon trap: reason=unstable_if action=reinterpret pc=0x00000000036ed30c method=com.android.dx.rop.code.InsnList.contentEquals(Lcom/android/dx/rop/code/InsnList;)Z @ 25
Event: 22.408 Thread 0x0000000017042800 Uncommon trap: reason=unstable_if action=reinterpret pc=0x00000000036184c0 method=com.android.dx.rop.code.LocalItem.hashCode()I @ 25
Event: 22.408 Thread 0x0000000017042800 Uncommon trap: reason=unstable_if action=reinterpret pc=0x00000000035ec918 method=com.android.dx.rop.code.LocalItem.hashCode()I @ 25

Internal exceptions (2 events):
Event: 5.362 Thread 0x0000000002f9d800 Exception <a 'java/lang/NoSuchMethodError': Method sun.misc.Unsafe.defineClass(Ljava/lang/String;[BII)Ljava/lang/Class; name or signature does not match> (0x00000000eab12ef0) thrown at [C:\re\workspace\8-2-build-windows-amd64-cygwin\jdk8u45\3627\hotspot\srj´˝ù∆r@
Event: 5.362 Thread 0x0000000002f9d800 Exception <a 'java/lang/NoSuchMethodError': Method sun.misc.Unsafe.prefetchRead(Ljava/lang/Object;J)V name or signature does not match> (0x00000000eab13180) thrown at [C:\re\workspace\8-2-build-windows-amd64-cygwin\jdk8u45\3627\hotspot\src\share\vm\prims\j

Events (10 events):
Event: 22.384 Thread 0x0000000017042800 DEOPT PACKING pc=0x00000000036ed30c sp=0x00000000177dec30
Event: 22.384 Thread 0x0000000017042800 DEOPT UNPACKING pc=0x00000000031e582a sp=0x00000000177debc0 mode 2
Event: 22.406 loading class com/android/dx/dex/file/FieldAnnotationStruct
Event: 22.406 loading class com/android/dx/dex/file/FieldAnnotationStruct done
Event: 22.408 Thread 0x0000000017042800 Uncommon trap: trap_request=0xffffff65 fr.pc=0x00000000036184c0
Event: 22.408 Thread 0x0000000017042800 DEOPT PACKING pc=0x00000000036184c0 sp=0x00000000177decd0
Event: 22.408 Thread 0x0000000017042800 DEOPT UNPACKING pc=0x00000000031e582a sp=0x00000000177dea38 mode 2
Event: 22.408 Thread 0x0000000017042800 Uncommon trap: trap_request=0xffffff65 fr.pc=0x00000000035ec918
Event: 22.408 Thread 0x0000000017042800 DEOPT PACKING pc=0x00000000035ec918 sp=0x00000000177deb60
Event: 22.408 Thread 0x0000000017042800 DEOPT UNPACKING pc=0x00000000031e582a sp=0x00000000177deab0 mode 2


Dynamic libraries:
0x00007ff7bf910000 - 0x00007ff7bf947000 	C:\Program Files\Java\jdk1.8.0_45\bin\java.exe
0x00007ffafd8b0000 - 0x00007ffafda8b000 	C:\WINDOWS\SYSTEM32\ntdll.dll
0x00007ffafd800000 - 0x00007ffafd8ae000 	C:\WINDOWS\System32\KERNEL32.DLL
0x00007ffafa230000 - 0x00007ffafa479000 	C:\WINDOWS\System32\KERNELBASE.dll
0x00007ffafd210000 - 0x00007ffafd2b1000 	C:\WINDOWS\System32\ADVAPI32.dll
0x00007ffafae20000 - 0x00007ffafaebd000 	C:\WINDOWS\System32\msvcrt.dll
0x00007ffafc970000 - 0x00007ffafc9c9000 	C:\WINDOWS\System32\sechost.dll
0x00007ffafb310000 - 0x00007ffafb435000 	C:\WINDOWS\System32\RPCRT4.dll
0x00007ffafce60000 - 0x00007ffafcfaa000 	C:\WINDOWS\System32\USER32.dll
0x00007ffaf9dd0000 - 0x00007ffaf9dee000 	C:\WINDOWS\System32\win32u.dll
0x00007ffafd2c0000 - 0x00007ffafd2e7000 	C:\WINDOWS\System32\GDI32.dll
0x00007ffafac80000 - 0x00007ffafae08000 	C:\WINDOWS\System32\gdi32full.dll
0x00007ffafa190000 - 0x00007ffafa22a000 	C:\WINDOWS\System32\msvcp_win.dll
0x00007ffafab80000 - 0x00007ffafac76000 	C:\WINDOWS\System32\ucrtbase.dll
0x00007ffaef850000 - 0x00007ffaefab7000 	C:\WINDOWS\WinSxS\amd64_microsoft.windows.common-controls_6595b64144ccf1df_6.0.15063.483_none_26002d27e7c744a2\COMCTL32.dll
0x00007ffafd390000 - 0x00007ffafd689000 	C:\WINDOWS\System32\combase.dll
0x00007ffaf9e50000 - 0x00007ffaf9eba000 	C:\WINDOWS\System32\bcryptPrimitives.dll
0x00007ffafd1e0000 - 0x00007ffafd20d000 	C:\WINDOWS\System32\IMM32.DLL
0x0000000058dd0000 - 0x0000000058ea2000 	C:\Program Files\Java\jdk1.8.0_45\jre\bin\msvcr100.dll
0x0000000056720000 - 0x0000000056fa3000 	C:\Program Files\Java\jdk1.8.0_45\jre\bin\server\jvm.dll
0x00007ffafae10000 - 0x00007ffafae18000 	C:\WINDOWS\System32\PSAPI.DLL
0x00007ffaefeb0000 - 0x00007ffaefeb9000 	C:\WINDOWS\SYSTEM32\WSOCK32.dll
0x00007ffafc9d0000 - 0x00007ffafca3c000 	C:\WINDOWS\System32\WS2_32.dll
0x00007ffaf7f20000 - 0x00007ffaf7f43000 	C:\WINDOWS\SYSTEM32\WINMM.dll
0x00007ffaee6a0000 - 0x00007ffaee6aa000 	C:\WINDOWS\SYSTEM32\VERSION.dll
0x00007ffaf7ef0000 - 0x00007ffaf7f1b000 	C:\WINDOWS\SYSTEM32\WINMMBASE.dll
0x00007ffaf9f70000 - 0x00007ffaf9fb9000 	C:\WINDOWS\System32\cfgmgr32.dll
0x0000000056710000 - 0x000000005671f000 	C:\Program Files\Java\jdk1.8.0_45\jre\bin\verify.dll
0x00000000566e0000 - 0x0000000056709000 	C:\Program Files\Java\jdk1.8.0_45\jre\bin\java.dll
0x00000000566c0000 - 0x00000000566d6000 	C:\Program Files\Java\jdk1.8.0_45\jre\bin\zip.dll
0x00007ffafb4b0000 - 0x00007ffafc8e6000 	C:\WINDOWS\System32\SHELL32.dll
0x00007ffafd130000 - 0x00007ffafd1da000 	C:\WINDOWS\System32\shcore.dll
0x00007ffafa480000 - 0x00007ffafab73000 	C:\WINDOWS\System32\windows.storage.dll
0x00007ffafcfb0000 - 0x00007ffafd001000 	C:\WINDOWS\System32\shlwapi.dll
0x00007ffaf9db0000 - 0x00007ffaf9dc1000 	C:\WINDOWS\System32\kernel.appcore.dll
0x00007ffaf9d20000 - 0x00007ffaf9d6c000 	C:\WINDOWS\System32\powrprof.dll
0x00007ffaf9d90000 - 0x00007ffaf9da5000 	C:\WINDOWS\System32\profapi.dll
0x00007ffae80b0000 - 0x00007ffae8259000 	C:\WINDOWS\SYSTEM32\dbghelp.dll

VM Arguments:
jvm_args: -Djava.awt.headless=true -Xmx1024M -Dfile.encoding=GBK -Duser.country=CN -Duser.language=zh -Duser.variant 
java_command: com.android.dx.command.Main --dex --force-jumbo --num-threads=4 --multi-dex --output D:\Android\coreProjcet\Kake\app\build\intermediates\transforms\dex\debug\folders\1000\5\slice_3 D:\Android\coreProjcet\Kake\app\build\intermediates\transforms\instantRunSlicer\debug\folders\1\5\slice_3
java_class_path (initial): D:\Android\SDK\build-tools\25.0.2\lib\dx.jar
Launcher Type: SUN_STANDARD

Environment Variables:
JAVA_HOME=C:\Program Files\Java\jdk1.8.0_45
PATH=C:\WINDOWS\system32;C:\WINDOWS;C:\WINDOWS\System32\Wbem;C:\WINDOWS\System32\WindowsPowerShell\v1.0\;C:\Program Files (x86)\AMD\ATI.ACE\Core-Static;C:\Program Files\Java\jdk1.8.0_45\bin;C:\Program Files\Git\cmd;C:\Program Files\Git\mingw64\bin;C:\Program Files\Git\usr\bin;C:\Program Files (x86)\ATI Technologies\ATI.ACE\Core-Static;D:\Program Files\gradle\gradle-3.5\bin;C:\ProgramData\chocolatey\bin;C:\tools\python2;C:\Program Files\nodejs\;D:\wamp\bin\php\php5.5.12;D:\wamp\bin\mysql\mysql5.6.17\bin;D:\program\groovy-2.4.11\bin;D:\Program Files\KDiff3;D:\Program_Files\proguard5.3.3\bin;D:\Program Files\jd-gui-windows-1.4.0;C:\Users\Lshare\AppData\Local\Microsoft\WindowsApps;C:\Users\Lshare\AppData\Roaming\npm;D:\Program Files\adt-bundle-windows-x86_64-20130917\sdk\platform-tools;D:\Program Files (x86)\Egret\Egret Wing 3\bin;D:\Program_Files\dex2jar-2.0;
USERNAME=Lshare
OS=Windows_NT
PROCESSOR_IDENTIFIER=Intel64 Family 6 Model 55 Stepping 8, GenuineIntel



---------------  S Y S T E M  ---------------

OS: Windows 10.0 , 64 bit Build 15063 (10.0.15063.296)

CPU:total 4 (4 cores per cpu, 1 threads per core) family 6 model 55 stepping 8, cmov, cx8, fxsr, mmx, sse, sse2, sse3, ssse3, sse4.1, sse4.2, popcnt, clmul, erms, 3dnowpref, tsc, tscinvbit

Memory: 4k page, physical 4074708k(465856k free), swap 8579480k(4748k free)

vm_info: Java HotSpot(TM) 64-Bit Server VM (25.45-b02) for windows-amd64 JRE (1.8.0_45-b15), built on Apr 30 2015 12:40:44 by "java_re" with MS VC++ 10.0 (VS2010)

time: Sun Sep 24 22:50:39 2017
elapsed time: 22 seconds (0d 0h 0m 22s)

