#
# There is insufficient memory for the Java Runtime Environment to continue.
# Native memory allocation (malloc) failed to allocate 180656 bytes for Chunk::new
# Possible reasons:
#   The system is out of physical RAM or swap space
#   In 32 bit mode, the process size limit was hit
# Possible solutions:
#   Reduce memory load on the system
#   Increase physical memory or swap space
#   Check if swap backing store is full
#   Use 64 bit Java on a 64 bit OS
#   Decrease Java heap size (-Xmx/-Xms)
#   Decrease number of Java threads
#   Decrease Java thread stack sizes (-Xss)
#   Set larger code cache with -XX:ReservedCodeCacheSize=
# This output file may be truncated or incomplete.
#
#  Out of Memory Error (allocation.cpp:390), pid=8828, tid=9728
#
# JRE version: Java(TM) SE Runtime Environment (8.0_45-b15) (build 1.8.0_45-b15)
# Java VM: Java HotSpot(TM) 64-Bit Server VM (25.45-b02 mixed mode windows-amd64 compressed oops)
# Failed to write core dump. Minidumps are not enabled by default on client versions of Windows
#

---------------  T H R E A D  ---------------

Current thread (0x000000001584b800):  JavaThread "C2 CompilerThread0" daemon [_thread_in_native, id=9728, stack(0x0000000016d40000,0x0000000016e40000)]

Stack: [0x0000000016d40000,0x0000000016e40000]
Native frames: (J=compiled Java code, j=interpreted, Vv=VM code, C=native code)
V  [jvm.dll+0x32b57a]


Current CompileTask:
C2:  20497 1456       4       com.android.dx.ssa.DeadCodeRemover::isCircularNoSideEffect (140 bytes)


---------------  P R O C E S S  ---------------

Java Threads: ( => current thread )
  0x00000000170b1000 JavaThread "pool-2-thread-4" [_thread_in_Java, id=1208, stack(0x0000000017a40000,0x0000000017b40000)]
  0x00000000170af800 JavaThread "pool-2-thread-3" [_thread_in_Java, id=860, stack(0x0000000017940000,0x0000000017a40000)]
  0x00000000170a9000 JavaThread "pool-2-thread-2" [_thread_in_Java, id=6180, stack(0x0000000017840000,0x0000000017940000)]
  0x0000000016fae000 JavaThread "pool-3-thread-1" [_thread_blocked, id=2596, stack(0x0000000017740000,0x0000000017840000)]
  0x0000000016fa8000 JavaThread "pool-2-thread-1" [_thread_in_Java, id=5264, stack(0x0000000017640000,0x0000000017740000)]
  0x0000000016ea2800 JavaThread "Service Thread" daemon [_thread_blocked, id=4500, stack(0x0000000017440000,0x0000000017540000)]
  0x0000000016e9c800 JavaThread "C1 CompilerThread2" daemon [_thread_blocked, id=5356, stack(0x0000000017340000,0x0000000017440000)]
  0x0000000016e40800 JavaThread "C2 CompilerThread1" daemon [_thread_in_native, id=9516, stack(0x0000000017240000,0x0000000017340000)]
=>0x000000001584b800 JavaThread "C2 CompilerThread0" daemon [_thread_in_native, id=9728, stack(0x0000000016d40000,0x0000000016e40000)]
  0x0000000015800000 JavaThread "Attach Listener" daemon [_thread_blocked, id=4516, stack(0x0000000016c40000,0x0000000016d40000)]
  0x00000000157ff000 JavaThread "Signal Dispatcher" daemon [_thread_blocked, id=1928, stack(0x0000000016b40000,0x0000000016c40000)]
  0x0000000003111800 JavaThread "Finalizer" daemon [_thread_blocked, id=9900, stack(0x0000000016a40000,0x0000000016b40000)]
  0x000000000310e000 JavaThread "Reference Handler" daemon [_thread_blocked, id=5984, stack(0x0000000016940000,0x0000000016a40000)]
  0x0000000002a5d800 JavaThread "main" [_thread_in_native, id=6320, stack(0x0000000002f20000,0x0000000003020000)]

Other Threads:
  0x00000000157b8000 VMThread [stack: 0x0000000016840000,0x0000000016940000] [id=5016]
  0x0000000016ea4000 WatcherThread [stack: 0x0000000017540000,0x0000000017640000] [id=9800]

VM state:not at safepoint (normal execution)

VM Mutex/Monitor currently owned by a thread: None

Heap:
 PSYoungGen      total 35328K, used 17187K [0x00000000eab00000, 0x00000000ef000000, 0x0000000100000000)
  eden space 32768K, 44% used [0x00000000eab00000,0x00000000eb950958,0x00000000ecb00000)
  from space 2560K, 98% used [0x00000000ecb00000,0x00000000ecd78648,0x00000000ecd80000)
  to   space 2560K, 0% used [0x00000000eed80000,0x00000000eed80000,0x00000000ef000000)
 ParOldGen       total 44032K, used 19791K [0x00000000c0000000, 0x00000000c2b00000, 0x00000000eab00000)
  object space 44032K, 44% used [0x00000000c0000000,0x00000000c1353f28,0x00000000c2b00000)
 Metaspace       used 6010K, capacity 6960K, committed 7040K, reserved 1056768K
  class space    used 597K, capacity 616K, committed 640K, reserved 1048576K

Card table byte_map: [0x00000000124e0000,0x00000000126f0000] byte_map_base: 0x0000000011ee0000

Marking Bits: (ParMarkBitMap*) 0x0000000056e44040
 Begin Bits: [0x0000000012c50000, 0x0000000013c50000)
 End Bits:   [0x0000000013c50000, 0x0000000014c50000)

Polling page: 0x0000000000bf0000

CodeCache: size=245760Kb used=6500Kb max_used=6509Kb free=239259Kb
 bounds [0x0000000003120000, 0x0000000003790000, 0x0000000012120000]
 total_blobs=1716 nmethods=1446 adapters=184
 compilation: enabled

Compilation events (10 events):
Event: 20.340 Thread 0x000000001584b800 nmethod 1466 0x0000000003774b90 code [0x0000000003774d00, 0x0000000003775298]
Event: 20.340 Thread 0x000000001584b800 1456       4       com.android.dx.ssa.DeadCodeRemover::isCircularNoSideEffect (140 bytes)
Event: 20.374 Thread 0x0000000016e9c800 1467       3       com.android.dx.ssa.back.FirstFitLocalCombiningAllocator::handleUnassociatedParameters (60 bytes)
Event: 20.375 Thread 0x0000000016e9c800 nmethod 1467 0x0000000003774090 code [0x0000000003774240, 0x00000000037748f8]
Event: 20.380 Thread 0x0000000016e9c800 1470       3       java.lang.Integer::bitCount (49 bytes)
Event: 20.381 Thread 0x0000000016e9c800 nmethod 1470 0x0000000003770750 code [0x00000000037708a0, 0x0000000003770a10]
Event: 20.386 Thread 0x0000000016e9c800 1472       3       com.android.dx.ssa.back.FirstFitLocalCombiningAllocator::handleCheckCastResults (413 bytes)
Event: 20.394 Thread 0x0000000016e9c800 nmethod 1472 0x0000000003777310 code [0x00000000037778c0, 0x000000000377b618]
Event: 20.488 Thread 0x0000000016e40800 nmethod 1453 0x00000000037800d0 code [0x00000000037804c0, 0x0000000003781cf0]
Event: 20.489 Thread 0x0000000016e40800 1474 %     4       com.android.dx.util.Bits::or @ 2 (24 bytes)

GC Heap History (6 events):
Event: 13.368 GC heap before
{Heap before GC invocations=1 (full 0):
 PSYoungGen      total 18944K, used 16384K [0x00000000eab00000, 0x00000000ec000000, 0x0000000100000000)
  eden space 16384K, 100% used [0x00000000eab00000,0x00000000ebb00000,0x00000000ebb00000)
  from space 2560K, 0% used [0x00000000ebd80000,0x00000000ebd80000,0x00000000ec000000)
  to   space 2560K, 0% used [0x00000000ebb00000,0x00000000ebb00000,0x00000000ebd80000)
 ParOldGen       total 44032K, used 0K [0x00000000c0000000, 0x00000000c2b00000, 0x00000000eab00000)
  object space 44032K, 0% used [0x00000000c0000000,0x00000000c0000000,0x00000000c2b00000)
 Metaspace       used 5780K, capacity 6768K, committed 7040K, reserved 1056768K
  class space    used 591K, capacity 616K, committed 640K, reserved 1048576K
Event: 13.538 GC heap after
Heap after GC invocations=1 (full 0):
 PSYoungGen      total 18944K, used 2544K [0x00000000eab00000, 0x00000000ed000000, 0x0000000100000000)
  eden space 16384K, 0% used [0x00000000eab00000,0x00000000eab00000,0x00000000ebb00000)
  from space 2560K, 99% used [0x00000000ebb00000,0x00000000ebd7c3e0,0x00000000ebd80000)
  to   space 2560K, 0% used [0x00000000ecd80000,0x00000000ecd80000,0x00000000ed000000)
 ParOldGen       total 44032K, used 1830K [0x00000000c0000000, 0x00000000c2b00000, 0x00000000eab00000)
  object space 44032K, 4% used [0x00000000c0000000,0x00000000c01c9908,0x00000000c2b00000)
 Metaspace       used 5780K, capacity 6768K, committed 7040K, reserved 1056768K
  class space    used 591K, capacity 616K, committed 640K, reserved 1048576K
}
Event: 16.799 GC heap before
{Heap before GC invocations=2 (full 0):
 PSYoungGen      total 18944K, used 18928K [0x00000000eab00000, 0x00000000ed000000, 0x0000000100000000)
  eden space 16384K, 100% used [0x00000000eab00000,0x00000000ebb00000,0x00000000ebb00000)
  from space 2560K, 99% used [0x00000000ebb00000,0x00000000ebd7c3e0,0x00000000ebd80000)
  to   space 2560K, 0% used [0x00000000ecd80000,0x00000000ecd80000,0x00000000ed000000)
 ParOldGen       total 44032K, used 1830K [0x00000000c0000000, 0x00000000c2b00000, 0x00000000eab00000)
  object space 44032K, 4% used [0x00000000c0000000,0x00000000c01c9908,0x00000000c2b00000)
 Metaspace       used 5853K, capacity 6832K, committed 7040K, reserved 1056768K
  class space    used 591K, capacity 616K, committed 640K, reserved 1048576K
Event: 16.894 GC heap after
Heap after GC invocations=2 (full 0):
 PSYoungGen      total 35328K, used 2545K [0x00000000eab00000, 0x00000000ed000000, 0x0000000100000000)
  eden space 32768K, 0% used [0x00000000eab00000,0x00000000eab00000,0x00000000ecb00000)
  from space 2560K, 99% used [0x00000000ecd80000,0x00000000ecffc658,0x00000000ed000000)
  to   space 2560K, 0% used [0x00000000ecb00000,0x00000000ecb00000,0x00000000ecd80000)
 ParOldGen       total 44032K, used 7951K [0x00000000c0000000, 0x00000000c2b00000, 0x00000000eab00000)
  object space 44032K, 18% used [0x00000000c0000000,0x00000000c07c3d10,0x00000000c2b00000)
 Metaspace       used 5853K, capacity 6832K, committed 7040K, reserved 1056768K
  class space    used 591K, capacity 616K, committed 640K, reserved 1048576K
}
Event: 19.680 GC heap before
{Heap before GC invocations=3 (full 0):
 PSYoungGen      total 35328K, used 35313K [0x00000000eab00000, 0x00000000ed000000, 0x0000000100000000)
  eden space 32768K, 100% used [0x00000000eab00000,0x00000000ecb00000,0x00000000ecb00000)
  from space 2560K, 99% used [0x00000000ecd80000,0x00000000ecffc658,0x00000000ed000000)
  to   space 2560K, 0% used [0x00000000ecb00000,0x00000000ecb00000,0x00000000ecd80000)
 ParOldGen       total 44032K, used 7951K [0x00000000c0000000, 0x00000000c2b00000, 0x00000000eab00000)
  object space 44032K, 18% used [0x00000000c0000000,0x00000000c07c3d10,0x00000000c2b00000)
 Metaspace       used 5989K, capacity 6960K, committed 7040K, reserved 1056768K
  class space    used 597K, capacity 616K, committed 640K, reserved 1048576K
Event: 19.852 GC heap after
Heap after GC invocations=3 (full 0):
 PSYoungGen      total 35328K, used 2529K [0x00000000eab00000, 0x00000000ef000000, 0x0000000100000000)
  eden space 32768K, 0% used [0x00000000eab00000,0x00000000eab00000,0x00000000ecb00000)
  from space 2560K, 98% used [0x00000000ecb00000,0x00000000ecd78648,0x00000000ecd80000)
  to   space 2560K, 0% used [0x00000000eed80000,0x00000000eed80000,0x00000000ef000000)
 ParOldGen       total 44032K, used 19791K [0x00000000c0000000, 0x00000000c2b00000, 0x00000000eab00000)
  object space 44032K, 44% used [0x00000000c0000000,0x00000000c1353f28,0x00000000c2b00000)
 Metaspace       used 5989K, capacity 6960K, committed 7040K, reserved 1056768K
  class space    used 597K, capacity 616K, committed 640K, reserved 1048576K
}

Deoptimization events (10 events):
Event: 18.133 Thread 0x00000000170af800 Uncommon trap: reason=bimorphic action=maybe_recompile pc=0x00000000035bd9cc method=com.android.dx.cf.code.BaseMachine.getLocalTarget(Z)Lcom/android/dx/rop/code/RegisterSpec; @ 70
Event: 18.133 Thread 0x00000000170af800 Uncommon trap: reason=bimorphic action=maybe_recompile pc=0x00000000035b1e3c method=com.android.dx.cf.code.BaseMachine.getLocalTarget(Z)Lcom/android/dx/rop/code/RegisterSpec; @ 70
Event: 18.134 Thread 0x00000000170af800 Uncommon trap: reason=bimorphic action=maybe_recompile pc=0x00000000035c215c method=com.android.dx.cf.code.BaseMachine.getLocalTarget(Z)Lcom/android/dx/rop/code/RegisterSpec; @ 70
Event: 18.418 Thread 0x00000000170af800 Uncommon trap: reason=unstable_if action=reinterpret pc=0x0000000003688ff4 method=com.android.dx.rop.code.InsnList.contentEquals(Lcom/android/dx/rop/code/InsnList;)Z @ 25
Event: 19.184 Thread 0x00000000170af800 Uncommon trap: reason=unstable_if action=reinterpret pc=0x00000000036d7b00 method=com.android.dx.rop.code.LocalItem.hashCode()I @ 25
Event: 19.199 Thread 0x00000000170af800 Uncommon trap: reason=null_check action=make_not_entrant pc=0x00000000035e325c method=com.android.dx.rop.type.Type.equals(Ljava/lang/Object;)Z @ 8
Event: 19.202 Thread 0x00000000170af800 Uncommon trap: reason=unstable_if action=reinterpret pc=0x00000000036e925c method=com.android.dx.ssa.SsaRenamer$BlockRenamer.process()V @ 90
Event: 19.892 Thread 0x00000000170af800 Uncommon trap: reason=unstable_if action=reinterpret pc=0x00000000036bc4ac method=com.android.dx.rop.code.RegisterSpecSet.put(Lcom/android/dx/rop/code/RegisterSpec;)V @ 77
Event: 19.893 Thread 0x00000000170af800 Uncommon trap: reason=unstable_if action=reinterpret pc=0x0000000003444070 method=com.android.dx.rop.code.RegisterSpecSet.put(Lcom/android/dx/rop/code/RegisterSpec;)V @ 77
Event: 19.893 Thread 0x00000000170af800 Uncommon trap: reason=unstable_if action=reinterpret pc=0x00000000036a124c method=com.android.dx.rop.code.RegisterSpecSet.put(Lcom/android/dx/rop/code/RegisterSpec;)V @ 77

Internal exceptions (3 events):
Event: 4.541 Thread 0x0000000002a5d800 Exception <a 'java/lang/NoSuchMethodError': Method sun.misc.Unsafe.defineClass(Ljava/lang/String;[BII)Ljava/lang/Class; name or signature does not match> (0x00000000eab12ef0) thrown at [C:\re\workspace\8-2-build-windows-amd64-cygwin\jdk8u45\3627\hotspot\sr¦€o‰*@
Event: 4.542 Thread 0x0000000002a5d800 Exception <a 'java/lang/NoSuchMethodError': Method sun.misc.Unsafe.prefetchRead(Ljava/lang/Object;J)V name or signature does not match> (0x00000000eab13180) thrown at [C:\re\workspace\8-2-build-windows-amd64-cygwin\jdk8u45\3627\hotspot\src\share\vm\prims\j£õ÷w33@
Event: 19.199 Thread 0x00000000170af800 Implicit null exception at 0x00000000035e315a to 0x00000000035e324f

Events (10 events):
Event: 19.892 Thread 0x00000000170af800 DEOPT PACKING pc=0x00000000036bc4ac sp=0x0000000017a3edb0
Event: 19.893 Thread 0x00000000170af800 DEOPT UNPACKING pc=0x000000000316582a sp=0x0000000017a3ed10 mode 2
Event: 19.893 Thread 0x00000000170af800 Uncommon trap: trap_request=0xffffff65 fr.pc=0x0000000003444070
Event: 19.893 Thread 0x00000000170af800 DEOPT PACKING pc=0x0000000003444070 sp=0x0000000017a3ecf0
Event: 19.893 Thread 0x00000000170af800 DEOPT UNPACKING pc=0x000000000316582a sp=0x0000000017a3ec10 mode 2
Event: 19.893 Thread 0x00000000170af800 Uncommon trap: trap_request=0xffffff65 fr.pc=0x00000000036a124c
Event: 19.893 Thread 0x00000000170af800 DEOPT PACKING pc=0x00000000036a124c sp=0x0000000017a3ed10
Event: 19.893 Thread 0x00000000170af800 DEOPT UNPACKING pc=0x000000000316582a sp=0x0000000017a3ec18 mode 2
Event: 19.910 Thread 0x00000000170af800 DEOPT PACKING pc=0x00000000034738ed sp=0x0000000017a3ecf0
Event: 19.910 Thread 0x00000000170af800 DEOPT UNPACKING pc=0x000000000316747f sp=0x0000000017a3ead0 mode 0


Dynamic libraries:
0x00007ff6ebcc0000 - 0x00007ff6ebcf7000 	C:\Program Files\Java\jdk1.8.0_45\bin\java.exe
0x00007ffafd8b0000 - 0x00007ffafda8b000 	C:\WINDOWS\SYSTEM32\ntdll.dll
0x00007ffafd800000 - 0x00007ffafd8ae000 	C:\WINDOWS\System32\KERNEL32.DLL
0x00007ffafa230000 - 0x00007ffafa479000 	C:\WINDOWS\System32\KERNELBASE.dll
0x00007ffafd210000 - 0x00007ffafd2b1000 	C:\WINDOWS\System32\ADVAPI32.dll
0x00007ffafae20000 - 0x00007ffafaebd000 	C:\WINDOWS\System32\msvcrt.dll
0x00007ffafc970000 - 0x00007ffafc9c9000 	C:\WINDOWS\System32\sechost.dll
0x00007ffafb310000 - 0x00007ffafb435000 	C:\WINDOWS\System32\RPCRT4.dll
0x00007ffafce60000 - 0x00007ffafcfaa000 	C:\WINDOWS\System32\USER32.dll
0x00007ffaf9dd0000 - 0x00007ffaf9dee000 	C:\WINDOWS\System32\win32u.dll
0x00007ffafd2c0000 - 0x00007ffafd2e7000 	C:\WINDOWS\System32\GDI32.dll
0x00007ffafac80000 - 0x00007ffafae08000 	C:\WINDOWS\System32\gdi32full.dll
0x00007ffafa190000 - 0x00007ffafa22a000 	C:\WINDOWS\System32\msvcp_win.dll
0x00007ffafab80000 - 0x00007ffafac76000 	C:\WINDOWS\System32\ucrtbase.dll
0x00007ffaef850000 - 0x00007ffaefab7000 	C:\WINDOWS\WinSxS\amd64_microsoft.windows.common-controls_6595b64144ccf1df_6.0.15063.483_none_26002d27e7c744a2\COMCTL32.dll
0x00007ffafd390000 - 0x00007ffafd689000 	C:\WINDOWS\System32\combase.dll
0x00007ffaf9e50000 - 0x00007ffaf9eba000 	C:\WINDOWS\System32\bcryptPrimitives.dll
0x00007ffafd1e0000 - 0x00007ffafd20d000 	C:\WINDOWS\System32\IMM32.DLL
0x0000000056ed0000 - 0x0000000056fa2000 	C:\Program Files\Java\jdk1.8.0_45\jre\bin\msvcr100.dll
0x0000000056640000 - 0x0000000056ec3000 	C:\Program Files\Java\jdk1.8.0_45\jre\bin\server\jvm.dll
0x00007ffafae10000 - 0x00007ffafae18000 	C:\WINDOWS\System32\PSAPI.DLL
0x00007ffaefeb0000 - 0x00007ffaefeb9000 	C:\WINDOWS\SYSTEM32\WSOCK32.dll
0x00007ffafc9d0000 - 0x00007ffafca3c000 	C:\WINDOWS\System32\WS2_32.dll
0x00007ffaf7f20000 - 0x00007ffaf7f43000 	C:\WINDOWS\SYSTEM32\WINMM.dll
0x00007ffaee6a0000 - 0x00007ffaee6aa000 	C:\WINDOWS\SYSTEM32\VERSION.dll
0x00007ffaf7ef0000 - 0x00007ffaf7f1b000 	C:\WINDOWS\SYSTEM32\WINMMBASE.dll
0x00007ffaf9f70000 - 0x00007ffaf9fb9000 	C:\WINDOWS\System32\cfgmgr32.dll
0x0000000056630000 - 0x000000005663f000 	C:\Program Files\Java\jdk1.8.0_45\jre\bin\verify.dll
0x0000000056600000 - 0x0000000056629000 	C:\Program Files\Java\jdk1.8.0_45\jre\bin\java.dll
0x00000000565e0000 - 0x00000000565f6000 	C:\Program Files\Java\jdk1.8.0_45\jre\bin\zip.dll
0x00007ffafb4b0000 - 0x00007ffafc8e6000 	C:\WINDOWS\System32\SHELL32.dll
0x00007ffafd130000 - 0x00007ffafd1da000 	C:\WINDOWS\System32\shcore.dll
0x00007ffafa480000 - 0x00007ffafab73000 	C:\WINDOWS\System32\windows.storage.dll
0x00007ffafcfb0000 - 0x00007ffafd001000 	C:\WINDOWS\System32\shlwapi.dll
0x00007ffaf9db0000 - 0x00007ffaf9dc1000 	C:\WINDOWS\System32\kernel.appcore.dll
0x00007ffaf9d20000 - 0x00007ffaf9d6c000 	C:\WINDOWS\System32\powrprof.dll
0x00007ffaf9d90000 - 0x00007ffaf9da5000 	C:\WINDOWS\System32\profapi.dll

VM Arguments:
jvm_args: -Djava.awt.headless=true -Xmx1024M -Dfile.encoding=GBK -Duser.country=CN -Duser.language=zh -Duser.variant 
java_command: com.android.dx.command.Main --dex --force-jumbo --num-threads=4 --multi-dex --output D:\Android\coreProjcet\Kake\app\build\intermediates\transforms\dex\debug\folders\1000\5\slice_3 D:\Android\coreProjcet\Kake\app\build\intermediates\transforms\instantRunSlicer\debug\folders\1\5\slice_3
java_class_path (initial): D:\Android\SDK\build-tools\25.0.2\lib\dx.jar
Launcher Type: SUN_STANDARD

Environment Variables:
JAVA_HOME=C:\Program Files\Java\jdk1.8.0_45
PATH=C:\WINDOWS\system32;C:\WINDOWS;C:\WINDOWS\System32\Wbem;C:\WINDOWS\System32\WindowsPowerShell\v1.0\;C:\Program Files (x86)\AMD\ATI.ACE\Core-Static;C:\Program Files\Java\jdk1.8.0_45\bin;C:\Program Files\Git\cmd;C:\Program Files\Git\mingw64\bin;C:\Program Files\Git\usr\bin;C:\Program Files (x86)\ATI Technologies\ATI.ACE\Core-Static;D:\Program Files\gradle\gradle-3.5\bin;C:\ProgramData\chocolatey\bin;C:\tools\python2;C:\Program Files\nodejs\;D:\wamp\bin\php\php5.5.12;D:\wamp\bin\mysql\mysql5.6.17\bin;D:\program\groovy-2.4.11\bin;D:\Program Files\KDiff3;D:\Program_Files\proguard5.3.3\bin;D:\Program Files\jd-gui-windows-1.4.0;C:\Users\Lshare\AppData\Local\Microsoft\WindowsApps;C:\Users\Lshare\AppData\Roaming\npm;D:\Program Files\adt-bundle-windows-x86_64-20130917\sdk\platform-tools;D:\Program Files (x86)\Egret\Egret Wing 3\bin;D:\Program_Files\dex2jar-2.0;
USERNAME=Lshare
OS=Windows_NT
PROCESSOR_IDENTIFIER=Intel64 Family 6 Model 55 Stepping 8, GenuineIntel



---------------  S Y S T E M  ---------------

OS: Windows 10.0 , 64 bit Build 15063 (10.0.15063.296)

CPU:total 4 (4 cores per cpu, 1 threads per core) family 6 model 55 stepping 8, cmov, cx8, fxsr, mmx, sse, sse2, sse3, ssse3, sse4.1, sse4.2, popcnt, clmul, erms, 3dnowpref, tsc, tscinvbit

Memory: 4k page, physical 4074708k(522352k free), swap 8105796k(4116k free)

vm_info: Java HotSpot(TM) 64-Bit Server VM (25.45-b02) for windows-amd64 JRE (1.8.0_45-b15), built on Apr 30 2015 12:40:44 by "java_re" with MS VC++ 10.0 (VS2010)

time: Sun Sep 24 13:45:17 2017
elapsed time: 20 seconds (0d 0h 0m 20s)

